13 [140719038100160] INFO perfrun.launcher <> - Launcher main begin
17 [140719038100160] INFO perfrun.launcher <> - MessageCatalogInit finished
17 [140719038100160] INFO perfrun.launcher <> - Launcher instance created
17 [140719038100160] INFO perfrun.launcher <> - argc = 7; cmdline = /home/intel/oneapi/vtune/2021.1.1/bin64/amplxe-runss --ui-output-format xml --ui-output-fd 5 --option-file /home/users/jgepereira/monte_carlo/vtune_results/hotspots_sw_N500000000_T20/config/runss.options 
33 [140719038100160] INFO perfrun.launcher <> - plugin remoteplug has been added successfully
33 [140719038100160] INFO perfrun.launcher <> - plugin system has been added successfully
33 [140719038100160] INFO perfrun.launcher <> - plugin vdso has been added successfully
33 [140719038100160] INFO perfrun.launcher <> - plugin itt has been added successfully
34 [140719038100160] INFO perfrun.launcher <> - plugin ptracecollector has been added successfully
34 [140719038100160] INFO perfrun.launcher <> - plugin gpu has been added successfully
34 [140719038100160] INFO perfrun.launcher <> - plugin  has been added successfully
34 [140719038100160] INFO perfrun.launcher <> - plugin  has been added successfully
34 [140719038100160] INFO perfrun.launcher <> - plugin  has been added successfully
34 [140719038100160] INFO perfrun.launcher <> - plugin mrte has been added successfully
34 [140719038100160] INFO perfrun.launcher <> - plugin emon has been added successfully
34 [140719038100160] INFO perfrun.launcher <> - plugin cuscol has been added successfully
34 [140719038100160] INFO perfrun.launcher <> - plugin stdsrc has been added successfully
34 [140719038100160] INFO perfrun.launcher <> - plugin sep has been added successfully
34 [140719038100160] INFO perfrun.launcher <> - plugin vtsspp has been added successfully
34 [140719038100160] INFO perfrun.sdk <> - Reading value (-1) from file: /proc/sys/kernel/perf_event_paranoid
34 [140719038100160] INFO perfrun.perfcollector <> - checking access to: /home/intel/oneapi/vtune/2021.1.1/bin64/amplxe-perf-priv
38 [140719038100160] INFO perfrun.perfcollector <> - cpu: family = 6 model = 63
38 [140719038100160] INFO perfrun.perfcollector <> - dir found : /sys/bus/event_source/devices/software
38 [140719038100160] WARN perfrun.perfcollector <> - format subdir doesn't exist, at file: vcs/perfrun1/plugins/perfcollector/src/controller.cpp:725
38 [140719038100160] WARN perfrun.perfcollector <> - pmu hwInfo is not set, at file: vcs/perfrun1/plugins/perfcollector/src/controller.cpp:819
38 [140719038100160] INFO perfrun.perfcollector <> - pmu added : family : software , id : 0
38 [140719038100160] INFO perfrun.perfcollector <> - dir found : /sys/bus/event_source/devices/uncore_imc_5
38 [140719038100160] INFO perfrun.perfcollector <> - format: event config:0-7 mask:0-7
38 [140719038100160] INFO perfrun.perfcollector <> - format: edge config:18 mask:18
38 [140719038100160] INFO perfrun.perfcollector <> - format: inv config:23 mask:23
38 [140719038100160] INFO perfrun.perfcollector <> - format: umask config:8-15 mask:8-15
38 [140719038100160] INFO perfrun.perfcollector <> - format: thresh config:24-31 mask:24-31
38 [140719038100160] INFO perfrun.perfcollector <> - hwInfo : PERF_IMC_PMU_DETAILS
38 [140719038100160] INFO perfrun.perfcollector <> - pmu added : family : uncore_imc , id : 5
38 [140719038100160] INFO perfrun.perfcollector <> - dir found : /sys/bus/event_source/devices/uncore_sbox_2
38 [140719038100160] INFO perfrun.perfcollector <> - format: event config:0-7 mask:0-7
38 [140719038100160] INFO perfrun.perfcollector <> - format: edge config:18 mask:18
38 [140719038100160] INFO perfrun.perfcollector <> - format: inv config:23 mask:23
38 [140719038100160] INFO perfrun.perfcollector <> - format: umask config:8-15 mask:8-15
38 [140719038100160] INFO perfrun.perfcollector <> - format: tid_en config:19 mask:19
38 [140719038100160] INFO perfrun.perfcollector <> - format: thresh config:24-31 mask:24-31
38 [140719038100160] WARN perfrun.perfcollector <> - pmu hwInfo is not set, at file: vcs/perfrun1/plugins/perfcollector/src/controller.cpp:819
39 [140719038100160] INFO perfrun.perfcollector <> - pmu added : family : uncore_sbox , id : 2
39 [140719038100160] INFO perfrun.perfcollector <> - dir found : /sys/bus/event_source/devices/uncore_cbox_8
39 [140719038100160] INFO perfrun.perfcollector <> - format: event config:0-7 mask:0-7
39 [140719038100160] INFO perfrun.perfcollector <> - format: filter_link config1:6-8 mask:6-8
39 [140719038100160] INFO perfrun.perfcollector <> - format: filter_c6 config1:61 mask:61
39 [140719038100160] INFO perfrun.perfcollector <> - format: edge config:18 mask:18
39 [140719038100160] INFO perfrun.perfcollector <> - format: filter_isoc config1:63 mask:63
39 [140719038100160] INFO perfrun.perfcollector <> - format: filter_tid config1:0-5 mask:0-5
39 [140719038100160] INFO perfrun.perfcollector <> - format: filter_nid config1:32-47 mask:32-47
39 [140719038100160] INFO perfrun.perfcollector <> - format: filter_nc config1:62 mask:62
39 [140719038100160] INFO perfrun.perfcollector <> - format: umask config:8-15 mask:8-15
39 [140719038100160] INFO perfrun.perfcollector <> - format: tid_en config:19 mask:19
39 [140719038100160] INFO perfrun.perfcollector <> - format: thresh config:24-31 mask:24-31
39 [140719038100160] INFO perfrun.perfcollector <> - format: filter_state config1:17-23 mask:17-23
39 [140719038100160] INFO perfrun.perfcollector <> - format: filter_opc config1:52-60 mask:52-60
39 [140719038100160] WARN perfrun.perfcollector <> - pmu hwInfo is not set, at file: vcs/perfrun1/plugins/perfcollector/src/controller.cpp:819
39 [140719038100160] INFO perfrun.perfcollector <> - pmu added : family : uncore_cbox , id : 8
39 [140719038100160] INFO perfrun.perfcollector <> - dir found : /sys/bus/event_source/devices/uncore_r2pcie
39 [140719038100160] INFO perfrun.perfcollector <> - format: event config:0-7 mask:0-7
39 [140719038100160] INFO perfrun.perfcollector <> - format: edge config:18 mask:18
39 [140719038100160] INFO perfrun.perfcollector <> - format: inv config:23 mask:23
39 [140719038100160] INFO perfrun.perfcollector <> - format: umask config:8-15 mask:8-15
39 [140719038100160] INFO perfrun.perfcollector <> - format: thresh config:24-31 mask:24-31
39 [140719038100160] WARN perfrun.perfcollector <> - pmu hwInfo is not set, at file: vcs/perfrun1/plugins/perfcollector/src/controller.cpp:819
39 [140719038100160] INFO perfrun.perfcollector <> - pmu added : family : uncore_r2pcie , id : 0
39 [140719038100160] INFO perfrun.perfcollector <> - dir found : /sys/bus/event_source/devices/uncore_sbox_0
39 [140719038100160] INFO perfrun.perfcollector <> - format: event config:0-7 mask:0-7
39 [140719038100160] INFO perfrun.perfcollector <> - format: edge config:18 mask:18
39 [140719038100160] INFO perfrun.perfcollector <> - format: inv config:23 mask:23
39 [140719038100160] INFO perfrun.perfcollector <> - format: umask config:8-15 mask:8-15
40 [140719038100160] INFO perfrun.perfcollector <> - format: tid_en config:19 mask:19
40 [140719038100160] INFO perfrun.perfcollector <> - format: thresh config:24-31 mask:24-31
40 [140719038100160] WARN perfrun.perfcollector <> - pmu hwInfo is not set, at file: vcs/perfrun1/plugins/perfcollector/src/controller.cpp:819
40 [140719038100160] INFO perfrun.perfcollector <> - pmu added : family : uncore_sbox , id : 0
40 [140719038100160] INFO perfrun.perfcollector <> - dir found : /sys/bus/event_source/devices/uncore_cbox_6
40 [140719038100160] INFO perfrun.perfcollector <> - format: event config:0-7 mask:0-7
40 [140719038100160] INFO perfrun.perfcollector <> - format: filter_link config1:6-8 mask:6-8
40 [140719038100160] INFO perfrun.perfcollector <> - format: filter_c6 config1:61 mask:61
40 [140719038100160] INFO perfrun.perfcollector <> - format: edge config:18 mask:18
40 [140719038100160] INFO perfrun.perfcollector <> - format: filter_isoc config1:63 mask:63
40 [140719038100160] INFO perfrun.perfcollector <> - format: filter_tid config1:0-5 mask:0-5
40 [140719038100160] INFO perfrun.perfcollector <> - format: filter_nid config1:32-47 mask:32-47
40 [140719038100160] INFO perfrun.perfcollector <> - format: filter_nc config1:62 mask:62
40 [140719038100160] INFO perfrun.perfcollector <> - format: umask config:8-15 mask:8-15
40 [140719038100160] INFO perfrun.perfcollector <> - format: tid_en config:19 mask:19
40 [140719038100160] INFO perfrun.perfcollector <> - format: thresh config:24-31 mask:24-31
40 [140719038100160] INFO perfrun.perfcollector <> - format: filter_state config1:17-23 mask:17-23
40 [140719038100160] INFO perfrun.perfcollector <> - format: filter_opc config1:52-60 mask:52-60
40 [140719038100160] WARN perfrun.perfcollector <> - pmu hwInfo is not set, at file: vcs/perfrun1/plugins/perfcollector/src/controller.cpp:819
40 [140719038100160] INFO perfrun.perfcollector <> - pmu added : family : uncore_cbox , id : 6
40 [140719038100160] INFO perfrun.perfcollector <> - dir found : /sys/bus/event_source/devices/uncore_imc_1
40 [140719038100160] INFO perfrun.perfcollector <> - format: event config:0-7 mask:0-7
40 [140719038100160] INFO perfrun.perfcollector <> - format: edge config:18 mask:18
40 [140719038100160] INFO perfrun.perfcollector <> - format: inv config:23 mask:23
40 [140719038100160] INFO perfrun.perfcollector <> - format: umask config:8-15 mask:8-15
40 [140719038100160] INFO perfrun.perfcollector <> - format: thresh config:24-31 mask:24-31
40 [140719038100160] INFO perfrun.perfcollector <> - hwInfo : PERF_IMC_PMU_DETAILS
40 [140719038100160] INFO perfrun.perfcollector <> - pmu added : family : uncore_imc , id : 1
40 [140719038100160] INFO perfrun.perfcollector <> - dir found : /sys/bus/event_source/devices/power
40 [140719038100160] INFO perfrun.perfcollector <> - format: event config:0-7 mask:0-7
40 [140719038100160] WARN perfrun.perfcollector <> - pmu hwInfo is not set, at file: vcs/perfrun1/plugins/perfcollector/src/controller.cpp:819
40 [140719038100160] INFO perfrun.perfcollector <> - pmu added : family : power , id : 0
40 [140719038100160] INFO perfrun.perfcollector <> - dir found : /sys/bus/event_source/devices/uncore_cbox_4
40 [140719038100160] INFO perfrun.perfcollector <> - format: event config:0-7 mask:0-7
40 [140719038100160] INFO perfrun.perfcollector <> - format: filter_link config1:6-8 mask:6-8
40 [140719038100160] INFO perfrun.perfcollector <> - format: filter_c6 config1:61 mask:61
41 [140719038100160] INFO perfrun.perfcollector <> - format: edge config:18 mask:18
41 [140719038100160] INFO perfrun.perfcollector <> - format: filter_isoc config1:63 mask:63
41 [140719038100160] INFO perfrun.perfcollector <> - format: filter_tid config1:0-5 mask:0-5
41 [140719038100160] INFO perfrun.perfcollector <> - format: filter_nid config1:32-47 mask:32-47
41 [140719038100160] INFO perfrun.perfcollector <> - format: filter_nc config1:62 mask:62
41 [140719038100160] INFO perfrun.perfcollector <> - format: umask config:8-15 mask:8-15
41 [140719038100160] INFO perfrun.perfcollector <> - format: tid_en config:19 mask:19
41 [140719038100160] INFO perfrun.perfcollector <> - format: thresh config:24-31 mask:24-31
41 [140719038100160] INFO perfrun.perfcollector <> - format: filter_state config1:17-23 mask:17-23
41 [140719038100160] INFO perfrun.perfcollector <> - format: filter_opc config1:52-60 mask:52-60
41 [140719038100160] WARN perfrun.perfcollector <> - pmu hwInfo is not set, at file: vcs/perfrun1/plugins/perfcollector/src/controller.cpp:819
41 [140719038100160] INFO perfrun.perfcollector <> - pmu added : family : uncore_cbox , id : 4
41 [140719038100160] INFO perfrun.perfcollector <> - dir found : /sys/bus/event_source/devices/uprobe
41 [140719038100160] INFO perfrun.perfcollector <> - format: ref_ctr_offset config:32-63 mask:32-63
41 [140719038100160] INFO perfrun.perfcollector <> - format: retprobe config:0 mask:0
41 [140719038100160] WARN perfrun.perfcollector <> - pmu hwInfo is not set, at file: vcs/perfrun1/plugins/perfcollector/src/controller.cpp:819
41 [140719038100160] INFO perfrun.perfcollector <> - pmu added : family : uprobe , id : 0
41 [140719038100160] INFO perfrun.perfcollector <> - dir found : /sys/bus/event_source/devices/cpu
41 [140719038100160] INFO perfrun.perfcollector <> - format: event config:0-7 mask:0-7
41 [140719038100160] INFO perfrun.perfcollector <> - format: pc config:19 mask:19
41 [140719038100160] INFO perfrun.perfcollector <> - format: edge config:18 mask:18
41 [140719038100160] INFO perfrun.perfcollector <> - format: any config:21 mask:21
41 [140719038100160] INFO perfrun.perfcollector <> - format: offcore_rsp config1:0-63 mask:0-63
41 [140719038100160] INFO perfrun.perfcollector <> - format: ldlat config1:0-15 mask:0-15
41 [140719038100160] INFO perfrun.perfcollector <> - format: inv config:23 mask:23
41 [140719038100160] INFO perfrun.perfcollector <> - format: umask config:8-15 mask:8-15
41 [140719038100160] INFO perfrun.perfcollector <> - format: cmask config:24-31 mask:24-31
41 [140719038100160] INFO perfrun.perfcollector <> - hwInfo : PERF_CPU_PMU_DETAILS
41 [140719038100160] INFO perfrun.perfcollector <> - pmu added : family : cpu , id : 0
41 [140719038100160] INFO perfrun.perfcollector <> - dir found : /sys/bus/event_source/devices/uncore_r3qpi_0
41 [140719038100160] INFO perfrun.perfcollector <> - format: event config:0-7 mask:0-7
41 [140719038100160] INFO perfrun.perfcollector <> - format: edge config:18 mask:18
41 [140719038100160] INFO perfrun.perfcollector <> - format: inv config:23 mask:23
41 [140719038100160] INFO perfrun.perfcollector <> - format: umask config:8-15 mask:8-15
41 [140719038100160] INFO perfrun.perfcollector <> - format: thresh config:24-31 mask:24-31
41 [140719038100160] WARN perfrun.perfcollector <> - pmu hwInfo is not set, at file: vcs/perfrun1/plugins/perfcollector/src/controller.cpp:819
42 [140719038100160] INFO perfrun.perfcollector <> - pmu added : family : uncore_r3qpi , id : 0
42 [140719038100160] INFO perfrun.perfcollector <> - dir found : /sys/bus/event_source/devices/cstate_core
42 [140719038100160] INFO perfrun.perfcollector <> - format: event config:0-63 mask:0-63
42 [140719038100160] WARN perfrun.perfcollector <> - pmu hwInfo is not set, at file: vcs/perfrun1/plugins/perfcollector/src/controller.cpp:819
42 [140719038100160] INFO perfrun.perfcollector <> - pmu added : family : cstate_core , id : 0
42 [140719038100160] INFO perfrun.perfcollector <> - dir found : /sys/bus/event_source/devices/uncore_cbox_2
42 [140719038100160] INFO perfrun.perfcollector <> - format: event config:0-7 mask:0-7
42 [140719038100160] INFO perfrun.perfcollector <> - format: filter_link config1:6-8 mask:6-8
42 [140719038100160] INFO perfrun.perfcollector <> - format: filter_c6 config1:61 mask:61
42 [140719038100160] INFO perfrun.perfcollector <> - format: edge config:18 mask:18
42 [140719038100160] INFO perfrun.perfcollector <> - format: filter_isoc config1:63 mask:63
42 [140719038100160] INFO perfrun.perfcollector <> - format: filter_tid config1:0-5 mask:0-5
42 [140719038100160] INFO perfrun.perfcollector <> - format: filter_nid config1:32-47 mask:32-47
42 [140719038100160] INFO perfrun.perfcollector <> - format: filter_nc config1:62 mask:62
42 [140719038100160] INFO perfrun.perfcollector <> - format: umask config:8-15 mask:8-15
42 [140719038100160] INFO perfrun.perfcollector <> - format: tid_en config:19 mask:19
42 [140719038100160] INFO perfrun.perfcollector <> - format: thresh config:24-31 mask:24-31
42 [140719038100160] INFO perfrun.perfcollector <> - format: filter_state config1:17-23 mask:17-23
42 [140719038100160] INFO perfrun.perfcollector <> - format: filter_opc config1:52-60 mask:52-60
42 [140719038100160] WARN perfrun.perfcollector <> - pmu hwInfo is not set, at file: vcs/perfrun1/plugins/perfcollector/src/controller.cpp:819
42 [140719038100160] INFO perfrun.perfcollector <> - pmu added : family : uncore_cbox , id : 2
42 [140719038100160] INFO perfrun.perfcollector <> - dir found : /sys/bus/event_source/devices/breakpoint
42 [140719038100160] WARN perfrun.perfcollector <> - format subdir doesn't exist, at file: vcs/perfrun1/plugins/perfcollector/src/controller.cpp:725
42 [140719038100160] WARN perfrun.perfcollector <> - pmu hwInfo is not set, at file: vcs/perfrun1/plugins/perfcollector/src/controller.cpp:819
42 [140719038100160] INFO perfrun.perfcollector <> - pmu added : family : breakpoint , id : 0
42 [140719038100160] INFO perfrun.perfcollector <> - dir found : /sys/bus/event_source/devices/uncore_ha_0
42 [140719038100160] INFO perfrun.perfcollector <> - format: event config:0-7 mask:0-7
42 [140719038100160] INFO perfrun.perfcollector <> - format: edge config:18 mask:18
42 [140719038100160] INFO perfrun.perfcollector <> - format: inv config:23 mask:23
42 [140719038100160] INFO perfrun.perfcollector <> - format: umask config:8-15 mask:8-15
42 [140719038100160] INFO perfrun.perfcollector <> - format: thresh config:24-31 mask:24-31
42 [140719038100160] WARN perfrun.perfcollector <> - pmu hwInfo is not set, at file: vcs/perfrun1/plugins/perfcollector/src/controller.cpp:819
42 [140719038100160] INFO perfrun.perfcollector <> - pmu added : family : uncore_ha , id : 0
42 [140719038100160] INFO perfrun.perfcollector <> - dir found : /sys/bus/event_source/devices/uncore_cbox_0
42 [140719038100160] INFO perfrun.perfcollector <> - format: event config:0-7 mask:0-7
42 [140719038100160] INFO perfrun.perfcollector <> - format: filter_link config1:6-8 mask:6-8
42 [140719038100160] INFO perfrun.perfcollector <> - format: filter_c6 config1:61 mask:61
42 [140719038100160] INFO perfrun.perfcollector <> - format: edge config:18 mask:18
43 [140719038100160] INFO perfrun.perfcollector <> - format: filter_isoc config1:63 mask:63
43 [140719038100160] INFO perfrun.perfcollector <> - format: filter_tid config1:0-5 mask:0-5
43 [140719038100160] INFO perfrun.perfcollector <> - format: filter_nid config1:32-47 mask:32-47
43 [140719038100160] INFO perfrun.perfcollector <> - format: filter_nc config1:62 mask:62
43 [140719038100160] INFO perfrun.perfcollector <> - format: umask config:8-15 mask:8-15
43 [140719038100160] INFO perfrun.perfcollector <> - format: tid_en config:19 mask:19
43 [140719038100160] INFO perfrun.perfcollector <> - format: thresh config:24-31 mask:24-31
43 [140719038100160] INFO perfrun.perfcollector <> - format: filter_state config1:17-23 mask:17-23
43 [140719038100160] INFO perfrun.perfcollector <> - format: filter_opc config1:52-60 mask:52-60
43 [140719038100160] WARN perfrun.perfcollector <> - pmu hwInfo is not set, at file: vcs/perfrun1/plugins/perfcollector/src/controller.cpp:819
43 [140719038100160] INFO perfrun.perfcollector <> - pmu added : family : uncore_cbox , id : 0
43 [140719038100160] INFO perfrun.perfcollector <> - dir found : /sys/bus/event_source/devices/tracepoint
43 [140719038100160] WARN perfrun.perfcollector <> - format subdir doesn't exist, at file: vcs/perfrun1/plugins/perfcollector/src/controller.cpp:725
43 [140719038100160] WARN perfrun.perfcollector <> - pmu hwInfo is not set, at file: vcs/perfrun1/plugins/perfcollector/src/controller.cpp:819
43 [140719038100160] INFO perfrun.perfcollector <> - pmu added : family : tracepoint , id : 0
43 [140719038100160] INFO perfrun.perfcollector <> - dir found : /sys/bus/event_source/devices/uncore_sbox_3
43 [140719038100160] INFO perfrun.perfcollector <> - format: event config:0-7 mask:0-7
43 [140719038100160] INFO perfrun.perfcollector <> - format: edge config:18 mask:18
43 [140719038100160] INFO perfrun.perfcollector <> - format: inv config:23 mask:23
43 [140719038100160] INFO perfrun.perfcollector <> - format: umask config:8-15 mask:8-15
43 [140719038100160] INFO perfrun.perfcollector <> - format: tid_en config:19 mask:19
43 [140719038100160] INFO perfrun.perfcollector <> - format: thresh config:24-31 mask:24-31
43 [140719038100160] WARN perfrun.perfcollector <> - pmu hwInfo is not set, at file: vcs/perfrun1/plugins/perfcollector/src/controller.cpp:819
43 [140719038100160] INFO perfrun.perfcollector <> - pmu added : family : uncore_sbox , id : 3
43 [140719038100160] INFO perfrun.perfcollector <> - dir found : /sys/bus/event_source/devices/uncore_cbox_9
43 [140719038100160] INFO perfrun.perfcollector <> - format: event config:0-7 mask:0-7
43 [140719038100160] INFO perfrun.perfcollector <> - format: filter_link config1:6-8 mask:6-8
43 [140719038100160] INFO perfrun.perfcollector <> - format: filter_c6 config1:61 mask:61
43 [140719038100160] INFO perfrun.perfcollector <> - format: edge config:18 mask:18
43 [140719038100160] INFO perfrun.perfcollector <> - format: filter_isoc config1:63 mask:63
43 [140719038100160] INFO perfrun.perfcollector <> - format: filter_tid config1:0-5 mask:0-5
43 [140719038100160] INFO perfrun.perfcollector <> - format: filter_nid config1:32-47 mask:32-47
43 [140719038100160] INFO perfrun.perfcollector <> - format: filter_nc config1:62 mask:62
43 [140719038100160] INFO perfrun.perfcollector <> - format: umask config:8-15 mask:8-15
43 [140719038100160] INFO perfrun.perfcollector <> - format: tid_en config:19 mask:19
43 [140719038100160] INFO perfrun.perfcollector <> - format: thresh config:24-31 mask:24-31
44 [140719038100160] INFO perfrun.perfcollector <> - format: filter_state config1:17-23 mask:17-23
44 [140719038100160] INFO perfrun.perfcollector <> - format: filter_opc config1:52-60 mask:52-60
44 [140719038100160] WARN perfrun.perfcollector <> - pmu hwInfo is not set, at file: vcs/perfrun1/plugins/perfcollector/src/controller.cpp:819
44 [140719038100160] INFO perfrun.perfcollector <> - pmu added : family : uncore_cbox , id : 9
44 [140719038100160] INFO perfrun.perfcollector <> - dir found : /sys/bus/event_source/devices/cstate_pkg
44 [140719038100160] INFO perfrun.perfcollector <> - format: event config:0-63 mask:0-63
44 [140719038100160] WARN perfrun.perfcollector <> - pmu hwInfo is not set, at file: vcs/perfrun1/plugins/perfcollector/src/controller.cpp:819
44 [140719038100160] INFO perfrun.perfcollector <> - pmu added : family : cstate_pkg , id : 0
44 [140719038100160] INFO perfrun.perfcollector <> - dir found : /sys/bus/event_source/devices/uncore_imc_4
44 [140719038100160] INFO perfrun.perfcollector <> - format: event config:0-7 mask:0-7
44 [140719038100160] INFO perfrun.perfcollector <> - format: edge config:18 mask:18
44 [140719038100160] INFO perfrun.perfcollector <> - format: inv config:23 mask:23
44 [140719038100160] INFO perfrun.perfcollector <> - format: umask config:8-15 mask:8-15
44 [140719038100160] INFO perfrun.perfcollector <> - format: thresh config:24-31 mask:24-31
44 [140719038100160] INFO perfrun.perfcollector <> - hwInfo : PERF_IMC_PMU_DETAILS
44 [140719038100160] INFO perfrun.perfcollector <> - pmu added : family : uncore_imc , id : 4
44 [140719038100160] INFO perfrun.perfcollector <> - dir found : /sys/bus/event_source/devices/uncore_ubox
44 [140719038100160] INFO perfrun.perfcollector <> - format: event config:0-7 mask:0-7
44 [140719038100160] INFO perfrun.perfcollector <> - format: edge config:18 mask:18
44 [140719038100160] INFO perfrun.perfcollector <> - format: filter_tid config1:0 mask:0
44 [140719038100160] INFO perfrun.perfcollector <> - format: inv config:23 mask:23
44 [140719038100160] INFO perfrun.perfcollector <> - format: umask config:8-15 mask:8-15
44 [140719038100160] INFO perfrun.perfcollector <> - format: thresh config:24-28 mask:24-28
44 [140719038100160] INFO perfrun.perfcollector <> - format: filter_cid config1:5 mask:5
44 [140719038100160] WARN perfrun.perfcollector <> - pmu hwInfo is not set, at file: vcs/perfrun1/plugins/perfcollector/src/controller.cpp:819
44 [140719038100160] INFO perfrun.perfcollector <> - pmu added : family : uncore_ubox , id : 0
44 [140719038100160] INFO perfrun.perfcollector <> - dir found : /sys/bus/event_source/devices/uncore_sbox_1
44 [140719038100160] INFO perfrun.perfcollector <> - format: event config:0-7 mask:0-7
44 [140719038100160] INFO perfrun.perfcollector <> - format: edge config:18 mask:18
44 [140719038100160] INFO perfrun.perfcollector <> - format: inv config:23 mask:23
44 [140719038100160] INFO perfrun.perfcollector <> - format: umask config:8-15 mask:8-15
44 [140719038100160] INFO perfrun.perfcollector <> - format: tid_en config:19 mask:19
44 [140719038100160] INFO perfrun.perfcollector <> - format: thresh config:24-31 mask:24-31
44 [140719038100160] WARN perfrun.perfcollector <> - pmu hwInfo is not set, at file: vcs/perfrun1/plugins/perfcollector/src/controller.cpp:819
44 [140719038100160] INFO perfrun.perfcollector <> - pmu added : family : uncore_sbox , id : 1
45 [140719038100160] INFO perfrun.perfcollector <> - dir found : /sys/bus/event_source/devices/uncore_cbox_7
45 [140719038100160] INFO perfrun.perfcollector <> - format: event config:0-7 mask:0-7
45 [140719038100160] INFO perfrun.perfcollector <> - format: filter_link config1:6-8 mask:6-8
45 [140719038100160] INFO perfrun.perfcollector <> - format: filter_c6 config1:61 mask:61
45 [140719038100160] INFO perfrun.perfcollector <> - format: edge config:18 mask:18
45 [140719038100160] INFO perfrun.perfcollector <> - format: filter_isoc config1:63 mask:63
45 [140719038100160] INFO perfrun.perfcollector <> - format: filter_tid config1:0-5 mask:0-5
45 [140719038100160] INFO perfrun.perfcollector <> - format: filter_nid config1:32-47 mask:32-47
45 [140719038100160] INFO perfrun.perfcollector <> - format: filter_nc config1:62 mask:62
45 [140719038100160] INFO perfrun.perfcollector <> - format: umask config:8-15 mask:8-15
45 [140719038100160] INFO perfrun.perfcollector <> - format: tid_en config:19 mask:19
45 [140719038100160] INFO perfrun.perfcollector <> - format: thresh config:24-31 mask:24-31
45 [140719038100160] INFO perfrun.perfcollector <> - format: filter_state config1:17-23 mask:17-23
45 [140719038100160] INFO perfrun.perfcollector <> - format: filter_opc config1:52-60 mask:52-60
45 [140719038100160] WARN perfrun.perfcollector <> - pmu hwInfo is not set, at file: vcs/perfrun1/plugins/perfcollector/src/controller.cpp:819
45 [140719038100160] INFO perfrun.perfcollector <> - pmu added : family : uncore_cbox , id : 7
45 [140719038100160] INFO perfrun.perfcollector <> - dir found : /sys/bus/event_source/devices/kprobe
45 [140719038100160] INFO perfrun.perfcollector <> - format: retprobe config:0 mask:0
45 [140719038100160] WARN perfrun.perfcollector <> - pmu hwInfo is not set, at file: vcs/perfrun1/plugins/perfcollector/src/controller.cpp:819
45 [140719038100160] INFO perfrun.perfcollector <> - pmu added : family : kprobe , id : 0
45 [140719038100160] INFO perfrun.perfcollector <> - dir found : /sys/bus/event_source/devices/uncore_cbox_5
45 [140719038100160] INFO perfrun.perfcollector <> - format: event config:0-7 mask:0-7
45 [140719038100160] INFO perfrun.perfcollector <> - format: filter_link config1:6-8 mask:6-8
45 [140719038100160] INFO perfrun.perfcollector <> - format: filter_c6 config1:61 mask:61
45 [140719038100160] INFO perfrun.perfcollector <> - format: edge config:18 mask:18
45 [140719038100160] INFO perfrun.perfcollector <> - format: filter_isoc config1:63 mask:63
45 [140719038100160] INFO perfrun.perfcollector <> - format: filter_tid config1:0-5 mask:0-5
45 [140719038100160] INFO perfrun.perfcollector <> - format: filter_nid config1:32-47 mask:32-47
45 [140719038100160] INFO perfrun.perfcollector <> - format: filter_nc config1:62 mask:62
45 [140719038100160] INFO perfrun.perfcollector <> - format: umask config:8-15 mask:8-15
45 [140719038100160] INFO perfrun.perfcollector <> - format: tid_en config:19 mask:19
45 [140719038100160] INFO perfrun.perfcollector <> - format: thresh config:24-31 mask:24-31
45 [140719038100160] INFO perfrun.perfcollector <> - format: filter_state config1:17-23 mask:17-23
45 [140719038100160] INFO perfrun.perfcollector <> - format: filter_opc config1:52-60 mask:52-60
45 [140719038100160] WARN perfrun.perfcollector <> - pmu hwInfo is not set, at file: vcs/perfrun1/plugins/perfcollector/src/controller.cpp:819
46 [140719038100160] INFO perfrun.perfcollector <> - pmu added : family : uncore_cbox , id : 5
46 [140719038100160] INFO perfrun.perfcollector <> - dir found : /sys/bus/event_source/devices/uncore_imc_0
46 [140719038100160] INFO perfrun.perfcollector <> - format: event config:0-7 mask:0-7
46 [140719038100160] INFO perfrun.perfcollector <> - format: edge config:18 mask:18
46 [140719038100160] INFO perfrun.perfcollector <> - format: inv config:23 mask:23
46 [140719038100160] INFO perfrun.perfcollector <> - format: umask config:8-15 mask:8-15
46 [140719038100160] INFO perfrun.perfcollector <> - format: thresh config:24-31 mask:24-31
46 [140719038100160] INFO perfrun.perfcollector <> - hwInfo : PERF_IMC_PMU_DETAILS
46 [140719038100160] INFO perfrun.perfcollector <> - pmu added : family : uncore_imc , id : 0
46 [140719038100160] INFO perfrun.perfcollector <> - dir found : /sys/bus/event_source/devices/uncore_pcu
46 [140719038100160] INFO perfrun.perfcollector <> - format: filter_band2 config1:16-23 mask:16-23
46 [140719038100160] INFO perfrun.perfcollector <> - format: event config:0-7 mask:0-7
46 [140719038100160] INFO perfrun.perfcollector <> - format: filter_band0 config1:0-7 mask:0-7
46 [140719038100160] INFO perfrun.perfcollector <> - format: edge config:18 mask:18
46 [140719038100160] INFO perfrun.perfcollector <> - format: occ_invert config:30 mask:30
46 [140719038100160] INFO perfrun.perfcollector <> - format: occ_edge config:14-51 mask:14-51
46 [140719038100160] INFO perfrun.perfcollector <> - format: filter_band3 config1:24-31 mask:24-31
46 [140719038100160] INFO perfrun.perfcollector <> - format: filter_band1 config1:8-15 mask:8-15
46 [140719038100160] INFO perfrun.perfcollector <> - format: inv config:23 mask:23
46 [140719038100160] INFO perfrun.perfcollector <> - format: thresh config:24-28 mask:24-28
46 [140719038100160] INFO perfrun.perfcollector <> - format: occ_sel config:14-15 mask:14-15
46 [140719038100160] WARN perfrun.perfcollector <> - pmu hwInfo is not set, at file: vcs/perfrun1/plugins/perfcollector/src/controller.cpp:819
46 [140719038100160] INFO perfrun.perfcollector <> - pmu added : family : uncore_pcu , id : 0
46 [140719038100160] INFO perfrun.perfcollector <> - dir found : /sys/bus/event_source/devices/uncore_r3qpi_1
46 [140719038100160] INFO perfrun.perfcollector <> - format: event config:0-7 mask:0-7
46 [140719038100160] INFO perfrun.perfcollector <> - format: edge config:18 mask:18
46 [140719038100160] INFO perfrun.perfcollector <> - format: inv config:23 mask:23
46 [140719038100160] INFO perfrun.perfcollector <> - format: umask config:8-15 mask:8-15
46 [140719038100160] INFO perfrun.perfcollector <> - format: thresh config:24-31 mask:24-31
46 [140719038100160] WARN perfrun.perfcollector <> - pmu hwInfo is not set, at file: vcs/perfrun1/plugins/perfcollector/src/controller.cpp:819
46 [140719038100160] INFO perfrun.perfcollector <> - pmu added : family : uncore_r3qpi , id : 1
46 [140719038100160] INFO perfrun.perfcollector <> - dir found : /sys/bus/event_source/devices/msr
46 [140719038100160] INFO perfrun.perfcollector <> - format: event config:0-63 mask:0-63
46 [140719038100160] WARN perfrun.perfcollector <> - pmu hwInfo is not set, at file: vcs/perfrun1/plugins/perfcollector/src/controller.cpp:819
46 [140719038100160] INFO perfrun.perfcollector <> - pmu added : family : msr , id : 0
46 [140719038100160] INFO perfrun.perfcollector <> - dir found : /sys/bus/event_source/devices/uncore_cbox_3
47 [140719038100160] INFO perfrun.perfcollector <> - format: event config:0-7 mask:0-7
47 [140719038100160] INFO perfrun.perfcollector <> - format: filter_link config1:6-8 mask:6-8
47 [140719038100160] INFO perfrun.perfcollector <> - format: filter_c6 config1:61 mask:61
47 [140719038100160] INFO perfrun.perfcollector <> - format: edge config:18 mask:18
47 [140719038100160] INFO perfrun.perfcollector <> - format: filter_isoc config1:63 mask:63
47 [140719038100160] INFO perfrun.perfcollector <> - format: filter_tid config1:0-5 mask:0-5
47 [140719038100160] INFO perfrun.perfcollector <> - format: filter_nid config1:32-47 mask:32-47
47 [140719038100160] INFO perfrun.perfcollector <> - format: filter_nc config1:62 mask:62
47 [140719038100160] INFO perfrun.perfcollector <> - format: umask config:8-15 mask:8-15
47 [140719038100160] INFO perfrun.perfcollector <> - format: tid_en config:19 mask:19
47 [140719038100160] INFO perfrun.perfcollector <> - format: thresh config:24-31 mask:24-31
47 [140719038100160] INFO perfrun.perfcollector <> - format: filter_state config1:17-23 mask:17-23
47 [140719038100160] INFO perfrun.perfcollector <> - format: filter_opc config1:52-60 mask:52-60
47 [140719038100160] WARN perfrun.perfcollector <> - pmu hwInfo is not set, at file: vcs/perfrun1/plugins/perfcollector/src/controller.cpp:819
47 [140719038100160] INFO perfrun.perfcollector <> - pmu added : family : uncore_cbox , id : 3
47 [140719038100160] INFO perfrun.perfcollector <> - dir found : /sys/bus/event_source/devices/uncore_ha_1
47 [140719038100160] INFO perfrun.perfcollector <> - format: event config:0-7 mask:0-7
47 [140719038100160] INFO perfrun.perfcollector <> - format: edge config:18 mask:18
47 [140719038100160] INFO perfrun.perfcollector <> - format: inv config:23 mask:23
47 [140719038100160] INFO perfrun.perfcollector <> - format: umask config:8-15 mask:8-15
47 [140719038100160] INFO perfrun.perfcollector <> - format: thresh config:24-31 mask:24-31
47 [140719038100160] WARN perfrun.perfcollector <> - pmu hwInfo is not set, at file: vcs/perfrun1/plugins/perfcollector/src/controller.cpp:819
47 [140719038100160] INFO perfrun.perfcollector <> - pmu added : family : uncore_ha , id : 1
47 [140719038100160] INFO perfrun.perfcollector <> - dir found : /sys/bus/event_source/devices/uncore_cbox_1
47 [140719038100160] INFO perfrun.perfcollector <> - format: event config:0-7 mask:0-7
47 [140719038100160] INFO perfrun.perfcollector <> - format: filter_link config1:6-8 mask:6-8
47 [140719038100160] INFO perfrun.perfcollector <> - format: filter_c6 config1:61 mask:61
47 [140719038100160] INFO perfrun.perfcollector <> - format: edge config:18 mask:18
47 [140719038100160] INFO perfrun.perfcollector <> - format: filter_isoc config1:63 mask:63
47 [140719038100160] INFO perfrun.perfcollector <> - format: filter_tid config1:0-5 mask:0-5
47 [140719038100160] INFO perfrun.perfcollector <> - format: filter_nid config1:32-47 mask:32-47
48 [140719038100160] INFO perfrun.perfcollector <> - format: filter_nc config1:62 mask:62
48 [140719038100160] INFO perfrun.perfcollector <> - format: umask config:8-15 mask:8-15
48 [140719038100160] INFO perfrun.perfcollector <> - format: tid_en config:19 mask:19
48 [140719038100160] INFO perfrun.perfcollector <> - format: thresh config:24-31 mask:24-31
48 [140719038100160] INFO perfrun.perfcollector <> - format: filter_state config1:17-23 mask:17-23
48 [140719038100160] INFO perfrun.perfcollector <> - format: filter_opc config1:52-60 mask:52-60
48 [140719038100160] WARN perfrun.perfcollector <> - pmu hwInfo is not set, at file: vcs/perfrun1/plugins/perfcollector/src/controller.cpp:819
48 [140719038100160] INFO perfrun.perfcollector <> - pmu added : family : uncore_cbox , id : 1
48 [140719038100160] INFO perfrun.launcher <> - plugin perf has been added successfully
48 [140719038100160] INFO perfrun.launcher <> - plugin aoclprofile has been added successfully
48 [140719038100160] INFO perfrun.launcher <> - plugin tpss has been added successfully
48 [140719038100160] INFO perfrun.launcher <> - plugin exprof has been added successfully
48 [140719038100160] INFO perfrun.launcher <> - plugin media has been added successfully
48 [140719038100160] INFO perfrun.launcher <> - plugin ice has been added successfully
48 [140719038100160] INFO perfrun.launcher <> - plugin  has been added successfully
48 [140719038100160] INFO perfrun.launcher <> - plugin  has been added successfully
48 [140719038100160] INFO perfrun.launcher <> - plugin parallelfs has been added successfully
48 [140719038100160] INFO perfrun.launcher <> - plugin power has been added successfully
48 [140719038100160] INFO perfrun.launcher <> - plugin hwloc has been added successfully
48 [140719038100160] INFO perfrun.launcher <> - plugin ipmwatch has been added successfully
48 [140719038100160] INFO perfrun.launcher <> - plugin os_counters has been added successfully
49 [140719038100160] INFO perfrun.launcher <> - the option was added --interval: Specify an interval of data collection (for example, sampling) in milliseconds.
49 [140719038100160] INFO perfrun.launcher <> - the option was added --follow-child: Profile process with or without children.
49 [140719038100160] INFO perfrun.launcher <> - the option was added --gelding: BADMSG: perfrun1.launcher.plugin_manager::gelding
49 [140719038100160] INFO perfrun.launcher <> - the option was added --time-source: Specify time source for measurement. Possible values: sys - wall clock time; tsc - time stamp counter; ext - time from an external source; auto - auto select accurate time source.
49 [140719038100160] INFO perfrun.launcher <> - the option was added --stack: Enable or disable collection of stacks.
49 [140719038100160] INFO perfrun.launcher <> - the option was added --stack-stitching: Enable or disable the stack stitching algorithm for Intel TBB-based applications.
49 [140719038100160] INFO perfrun.launcher <> - the option was added --type: Specify type of data to be collected. For example, --type cpu:counters,waiting:nostack,io.
49 [140719038100160] INFO perfrun.launcher <> - the option was added --mrte-mode: Specify Java/.NET/other managed runtime collection mode. Possible values: native - collect information only for native code; managed - collect information only for managed code; mixed - collect information for both managed and native code; auto - choose the mode based on binary type.
49 [140719038100160] INFO perfrun.launcher <> - the option was added --mrte-mode-list: List supported Java/.NET/other managed runtime collection modes.
49 [140719038100160] INFO perfrun.launcher <> - the option was added --mrte-type: Specify which managed runtimes to collect. Possible values: java - collect information for Java; dotnet - collect information for .NET; python - collect information for CPython. You can specify several values separated by comma.
49 [140719038100160] INFO perfrun.launcher <> - the option was added --mrte-type-list: List supported Java/.NET/other managed runtime types.
49 [140719038100160] INFO perfrun.launcher <> - the option was added --trace-strategy: Specify how to profile a process tree. <string> can be "<process>:trace:notrace" - profile the process but do not profile its children. Shorthand parameters: t - trace, nt - notrace. For example, "vtunedemo.exe:t:t".
49 [140719038100160] INFO perfrun.launcher <> - the option was added --collector: BADMSG: perfrun1.launcher.plugin_manager::collector
49 [140719038100160] INFO perfrun.launcher <> - the option was added --system-wide: Enable system-wide profiling. This mode may require additional permissions.
49 [140719038100160] INFO perfrun.launcher <> - the option was added --kvm-guest: Enable KVM guest OS profiling.
49 [140719038100160] INFO perfrun.launcher <> - the option was added --kvm-guest-kallsyms: Specify a local path to the /proc/kallsyms file copied from the guest OS for proper symbol resolution.
49 [140719038100160] INFO perfrun.launcher <> - the option was added --kvm-guest-modules: Specify a local path to the /proc/modules file copied from the guest OS for proper symbol resolution.
49 [140719038100160] INFO perfrun.launcher <> - the option was added --bandwidth-limits: Measure bandwidth limits
49 [140719038100160] INFO perfrun.launcher <> - the option was added --acrn-map-info: Collect map info for ACRN
49 [140719038100160] INFO perfrun.launcher <> - the option was added --bandwidth-strategy: Bandwidth limits determination specific properties (example: --bandwidth-strategy array-size=0,duration=500).
49 [140719038100160] INFO perfrun.launcher <> - the option was added --bandwidth-config: List of benchmarks to run.
49 [140719038100160] INFO perfrun.launcher <> - the option was added --target-gpu: target-gpu
49 [140719038100160] INFO perfrun.launcher <> - the option was added --dump-vdso: Dump [vdso] to result directory
49 [140719038100160] INFO perfrun.launcher <> - the option was added --system-collector-config: Specify subcollectors. Possible values: all, container, device-info, none. Specify subcollectors. Possible values: all, vdso.
49 [140719038100160] INFO perfrun.launcher <> - the option was added --itt-config: Specify a sub-set of ITT API to collect.
49 [140719038100160] INFO perfrun.launcher <> - the option was added --itt-debug: Set pseudo-breakpoint at ITT API collector's start to enable the debugger to attach early.
49 [140719038100160] INFO perfrun.launcher <> - the option was added --ptrace: Ptrace collector.
50 [140719038100160] INFO perfrun.launcher <> - the option was added --target-pid: BADMSG: perfrun1.ptracecollector::target-pid
50 [140719038100160] INFO perfrun.launcher <> - the option was added --ptrace-server-pid: BADMSG: perfrun1.ptracecollector::ptrace-server-pid
50 [140719038100160] INFO perfrun.launcher <> - the option was added --ptrace-trace: BADMSG: perfrun1.ptracecollector::ptrace-trace
50 [140719038100160] INFO perfrun.launcher <> - the option was added --ptrace-time-source: BADMSG: perfrun1.ptracecollector::ptrace-time-source
50 [140719038100160] INFO perfrun.launcher <> - the option was added --ptrace-start-type: BADMSG: perfrun1.ptracecollector::ptrace-start-type
50 [140719038100160] INFO perfrun.launcher <> - the option was added --gpu-config: Specify types of GPU data to be collected. Possible values: preset1, preset2.
50 [140719038100160] INFO perfrun.launcher <> - the option was added --gpu-debug: Enable self-testing of the GPGPU profiling collector.
50 [140719038100160] INFO perfrun.launcher <> - the option was added --gpu-counting: Collect GPU data in the counting mode.
50 [140719038100160] INFO perfrun.launcher <> - the option was added --emon-preset: Specify a preset for EMON collector. For available presets, run: emon -preset-list.
50 [140719038100160] INFO perfrun.launcher <> - the option was added --emon-csv-trace-format: Use CSV format for EMON trace file.
50 [140719038100160] INFO perfrun.launcher <> - the option was added --emon-machine-readable-ver: Write machine readable EMON version file.
50 [140719038100160] INFO perfrun.launcher <> - the option was added --custom-collector: Allows to provide arbitrary command line to be run on collection steps.
50 [140719038100160] INFO perfrun.launcher <> - the option was added --stdsrc-config: Specify Standard Sources category tag(s).
50 [140719038100160] INFO perfrun.launcher <> - the option was added --ftrace-config-list: List Linux Ftrace category tag(s).
50 [140719038100160] INFO perfrun.launcher <> - the option was added --ftrace-config: Specify Linux Ftrace category tag(s).
50 [140719038100160] INFO perfrun.launcher <> - the option was added --ftrace-function-groups: Enable tracing of specific groups of functions.
50 [140719038100160] INFO perfrun.launcher <> - the option was added --event-info: BADMSG: perfrun1.stdsrc::event-info
50 [140719038100160] INFO perfrun.launcher <> - the option was added --cpu-list: List supported CPUs.
50 [140719038100160] INFO perfrun.launcher <> - the option was added --target-list: List available targets for performing sampling collection.
50 [140719038100160] INFO perfrun.launcher <> - the option was added --event-value-list: Display event information.
50 [140719038100160] INFO perfrun.launcher <> - the option was added --platform-value-list: Display details of supported platforms.
50 [140719038100160] INFO perfrun.launcher <> - the option was added --uncore-event-list: List uncore events for which a sampling data collection can be performed on this platform.
50 [140719038100160] INFO perfrun.launcher <> - the option was added --modifier-list: Specify the event name <string> for which the modifiers list is requested.
50 [140719038100160] INFO perfrun.launcher <> - the option was added --pmu-list: List supported PMUs.
50 [140719038100160] INFO perfrun.launcher <> - the option was added --os-mode-only: Enable sampling data collection for OS-mode processes only.
50 [140719038100160] INFO perfrun.launcher <> - the option was added --user-mode-only: Enable sampling data collection for user-mode processes only.
50 [140719038100160] INFO perfrun.launcher <> - the option was added --event-config: Perform data collection for the events with <string> configured using the format <event name1>":modifier1=val:modifier2=val/constraint1={:modifier3=val:modifier4=val}...,"<event name2>":... Specify the events(s) to monitor and embed the event names within double quotes("). [:modifier=val] specifies individual event modifiers along with the respective values for a given platform. Note that the modifiers can be generic to an event as well as specific to a constraint (or an event qualifier). The constraint specific special modifiers appear after [/constraint=]. The modifiers can be in decimal or hexadecimal format. Only specific modifiers accept the value as a string. Each event specification is delimited by a comma (,). For a list of supported modifiers and constraints, refer to the documentation.
50 [140719038100160] INFO perfrun.launcher <> - the option was added --chipset-event-config: Perform data collection for the chipset events with <string> configured using the format "<event name1>"...,"<event name2>":... Specify the events(s) to monitor and embed the event names within double quotes(").
51 [140719038100160] INFO perfrun.launcher <> - the option was added --uncore-event-config: Perform uncore data collection in ebc count mode for the events with <string> configured using the format "<event name1>"...,"<event name2>":... Specify the events(s) to monitor and embed the event names within double quotes(").
51 [140719038100160] INFO perfrun.launcher <> - the option was added --count-emon: Enable counting mode and output the data in EMON format.
51 [140719038100160] INFO perfrun.launcher <> - the option was added --event-based-counts: Enable event-based counting mode. During sampling data collection, event counts data is collected for the list of events specified in -event-config option.
51 [140719038100160] INFO perfrun.launcher <> - the option was added --event-mux-tfactor: Specify the event multiplexing tfactor as <integer> to set the length of the interval between interrupts. The larger the tfactor value, the larger the period between interrupts. Currently this option is only available on Intel platforms codenamed Knights Corner.
51 [140719038100160] INFO perfrun.launcher <> - the option was added --full-pebs-capture: Capture full pebs information.
51 [140719038100160] INFO perfrun.launcher <> - the option was added --last-branch-records: Capture Last Branch Records information.
51 [140719038100160] INFO perfrun.launcher <> - the option was added --pmu-type: Specify the targeted PMU name as <string>.
51 [140719038100160] INFO perfrun.launcher <> - the option was added --platform-type: Specify the targeted platform number as <number>.
51 [140719038100160] INFO perfrun.launcher <> - the option was added --p-state-trigger: Specify the name of the trigger event for P-state data as <string>. The default trigger is CPU_CLK_UNHALTED.REF_TSC.
51 [140719038100160] INFO perfrun.launcher <> - the option was added --rdt-auto-rmid: Enable automatic Core pinning on RMIDs for RDT monitoring capabilities.
51 [140719038100160] INFO perfrun.launcher <> - the option was added --bts-count: Specify the <integer> number of BTS records collected after each sample or context switch (VTSS++ only).
51 [140719038100160] INFO perfrun.launcher <> - the option was added --cpu-mask: Specify which CPU(s) <string> to collect data on. For example, specify "2-8,10,12-14" to sample only CPUs 2 through 8, 10, and 12 through 14.
51 [140719038100160] INFO perfrun.launcher <> - the option was added --event-mux-alg: Specify the event multiplexing algorithm. Possible values: sequence, timer, trigger.
51 [140719038100160] INFO perfrun.launcher <> - the option was added --event-mux-timeslice: Specify the event multiplexing time slice value as <integer>. The time slice specifies the duration between cycles for each event multiplexing group. The default value is 50 milliseconds. This option is valid only for timer-based event multiplexing. Specify the event multiplexing time slice value as <integer>. The time slice specifies the duration between cycles for each event multiplexing group. The default value is 1 millisecond. This option is valid only for timer-based event multiplexing.
51 [140719038100160] INFO perfrun.launcher <> - the option was added --event-mux-factor: Specify the event multiplexing factor as <integer>. It controls the switching of event multiplexing groups. The default factor is 50. This option is valid only for trigger-based event multiplexing. Specify the event multiplexing factor as <integer>. It controls the switching of event multiplexing groups. The default factor is 1. This option is valid only for trigger-based event multiplexing.
51 [140719038100160] INFO perfrun.launcher <> - the option was added --event-mux-trigger: Specify the name of the trigger event for event multiplexing as <string>. This option is valid only for trigger-based event multiplexing. The default trigger is CPU_CLK_UNHALTED.CORE (or CPU_CLK_UNHALTED.THREAD). BADMSG: perfrun1.vtsspp::event-mux-trigger
51 [140719038100160] INFO perfrun.launcher <> - the option was added --pt-mode: BADMSG: perfrun1.vtsspp::pt-mode
51 [140719038100160] INFO perfrun.launcher <> - the option was added --sample-after-multiplier: Specify the sample after multiplier as <double>. This multiplier modifies the sample after value for all the events specified in -event-config option. The values can range from 0.1 to 100.0. SAV multiplier value
51 [140719038100160] INFO perfrun.launcher <> - the option was added --uncore-sampling-interval: Specify the uncore sampling interval as <integer>. This value set the uncore sampling interval for all the uncore events specified in -event-config option.
51 [140719038100160] INFO perfrun.launcher <> - the option was added --count: Enable counting mode. Enable counting mode
51 [140719038100160] INFO perfrun.launcher <> - the option was added --trace-mpi: Configure collector to trace MPI code.
51 [140719038100160] INFO perfrun.launcher <> - the option was added --aggregated-counting: Enable aggregated counting mode. Enable aggregated-counting mode
51 [140719038100160] INFO perfrun.launcher <> - the option was added --perf-per-cpu: System-wide collection from all CPUs
51 [140719038100160] INFO perfrun.launcher <> - the option was added --raw-perf-config: Specify a verified configuration for the Perf collector in the format: <describer>,<content>. For example: map-events-file,<path_to_map_events_file>.
51 [140719038100160] INFO perfrun.launcher <> - the option was added --sys-config: BADMSG: perfrun1.vtsspp::sys-config Specify types of system data to be collected. Supported value: cswitch - collect context switch information.
51 [140719038100160] INFO perfrun.launcher <> - the option was added --perf-event-config: Specify events for Perf collector in Perf format. For example: perf-event-config=cpu-clock.
52 [140719038100160] INFO perfrun.launcher <> - the option was added --perf-aio: Number of control blocks in asynchronous trace writing mode.
52 [140719038100160] INFO perfrun.launcher <> - the option was added --perf-compression: Specify compression of Perf collector output data. Possible levels: 0 - without compression, 1..3 - best speed, 4..22 - best compression that incurs big overhead.
52 [140719038100160] INFO perfrun.launcher <> - the option was added --perf-mmap-flush: Minimum data size read from the kernel mapped region.
52 [140719038100160] INFO perfrun.launcher <> - the option was added --perf-affinity: Adjust an affinity mask of the Perf thread to a node with an allocated memory trace buffer.
52 [140719038100160] INFO perfrun.launcher <> - the option was added --perf-threads: Setup threading mode for trace writing.
52 [140719038100160] INFO perfrun.launcher <> - the option was added --generate-platform-cmd: Get perf command line for an arbitrary target.
52 [140719038100160] INFO perfrun.launcher <> - the option was added --aocl-profile: Enable profiling and data collection through AOCL profiling tool.
52 [140719038100160] INFO perfrun.launcher <> - the option was added --aocl-source-file: Path to .source file. Find this in the compilation output directory of the FPGA application. Use this option to help attribute performance statistics to the source lines. If unspecified, AOCL profiler will attempt to locate the file in the current directory.
52 [140719038100160] INFO perfrun.launcher <> - the option was added --aocl-binary-aocx-file: Path to .aocx file (OpenCL flow) or host binary (DPC++ flow). If you do not provide this path: 1) For OpenCL flow, AOCL Profiler attempts to locate the file in the working directory. 2) For DPC++ flow, the collector assumes that host binary is used as an application to launch.
52 [140719038100160] INFO perfrun.launcher <> - the option was added --aocl-period: Specifies the number of cycles between readbacks from the device. The default value is 0 and indicates that the profiler should read back data as often as possible.
52 [140719038100160] INFO perfrun.launcher <> - the option was added --aocl-no-temporal: Disables readback during execution and only reads back non-autorun kernels once they finish executing.
52 [140719038100160] INFO perfrun.launcher <> - the option was added --aocl-no-mem-transfers: Disables the recording of memory transfer information.
52 [140719038100160] INFO perfrun.launcher <> - the option was added --stackwalk: Specify stack unwinding method. Possible values: online - unwind stacks during collection; offline - unwind stacks after collection is finished. Specify stack unwinding method. Possible value: lbr - unwind stacks during collection. Specify stack unwinding method. Possible values: online - unwind stacks during collection; offline - unwind stacks after collection is finished; lbr - enable LBR-based call stack collection. Specify stack unwinding method. Possible values: online - unwind stacks during collection; offline - unwind stacks after collection is finished. Specify stack unwinding method. Possible values: online - unwind stacks during collection; offline - unwind stacks after collection is finished.
52 [140719038100160] INFO perfrun.launcher <> - the option was added --filter-include: Filter data during collection. Possible values: contended=<on|off> - filter out uncontended events; contended_nostack=<time> - filter out stacks for contended events that take less than <time> microseconds; wait=<time> - ignore transitions and blocks with wait time less than <time> microseconds; wait_nostack=<time> - filter out stacks for waits that take less than <time> microseconds.
52 [140719038100160] INFO perfrun.launcher <> - the option was added --debug-pin: Debug PIN tool and runtime.
52 [140719038100160] INFO perfrun.launcher <> - the option was added --debug-exception: Disallow the application to set own abnormal termination handler.
52 [140719038100160] INFO perfrun.launcher <> - the option was added --trace-type: Specify the trace file granularity. Possible values: per-thread - per-thread trace file generation; per-process - per-process trace file generation.
52 [140719038100160] INFO perfrun.launcher <> - the option was added --instrumentation-type: Specify type of instrumentation.
52 [140719038100160] INFO perfrun.launcher <> - the option was added --altstack: Enable or disable usage of altstacks for profiling signal handlers.
52 [140719038100160] INFO perfrun.launcher <> - the option was added --profiling-signal: BADMSG: perfrun1.ptracecollector::profiling-signal Alternate profiling signal.
52 [140719038100160] INFO perfrun.launcher <> - the option was added --memory-strategy: Specify a minimal memory object size to be traced and a hash table size for faster objects search; for example: --memory-strategy obj-size-min=1024,hash-table-size=4096.
52 [140719038100160] INFO perfrun.launcher <> - the option was added --gpu-profiling-type: Specify a type of deep GPU profiling: none, bblatency, memlatency, instcount.
52 [140719038100160] INFO perfrun.launcher <> - the option was added --opencl-trace-mode: Specify OpenCL kernel tracing modes: 'default' to trace OpenCL kernels for Intel Graphics Driver only; 'epoch' for any non-Intel graphics, where OpenCL kernels will be traced and OpenCL profiling API timestamps will be interpreted as Unux Epoch time in nanoseconds; 'completion' to trace OpenCL kernels for any Graphics Driver and bind OpenCL profiling API timestamps to the timestamp of OpenCL completion callback.
52 [140719038100160] INFO perfrun.launcher <> - the option was added --gpu-kernels-to-profile: Specify a comma-separated list of GPU kernel names and invocations to be profiled in the following format: kernel_name[#start_idx#step#stop_idx], where kernel_name is the name of GPU kernel; start_idx is the number of the first invocation; and stop_idx is the number of the last invocation to be profiled.
53 [140719038100160] INFO perfrun.launcher <> - the option was added --exprof-com-list: List available COM ports.
53 [140719038100160] INFO perfrun.launcher <> - the option was added --exprof-dvc-list: List available DvC IDs.
53 [140719038100160] INFO perfrun.launcher <> - the option was added --exprof-trace-channel: BADMSG: perfrun1.exprof::exprof-trace-channel
53 [140719038100160] INFO perfrun.launcher <> - the option was added --exprof-event-config: Specify ExactProfiling Event Classes.
53 [140719038100160] INFO perfrun.launcher <> - the option was added --ice-pmons-list: BADMSG: perfrun1.ice::ice-pmons-list
53 [140719038100160] INFO perfrun.launcher <> - the option was added --ice-pmons-config: BADMSG: perfrun1.ice::ice-pmons-config
53 [140719038100160] INFO perfrun.launcher <> - the option was added --ice-sw-trace: Collect software traces of the Intel Neural Network Processor (NNP-I) and analyze software context of inference progress.
53 [140719038100160] INFO perfrun.launcher <> - the option was added --ice-sample-after-value: BADMSG: perfrun1.ice::ice-sample-after-value
53 [140719038100160] INFO perfrun.launcher <> - the option was added --ice-frequency: BADMSG: perfrun1.ice::ice-frequency
53 [140719038100160] INFO perfrun.launcher <> - the option was added --parallel-fs-config: Specify parallel fs counters to collect.
53 [140719038100160] INFO perfrun.launcher <> - the option was added --pwr-config: BADMSG: perfrun1.vtsspp::pwr-config Specify power metrics configuration.
53 [140719038100160] INFO perfrun.launcher <> - the option was added --pwr-sampling-interval: Specify Intel SoC Watch sampling interval.
53 [140719038100160] INFO perfrun.launcher <> - the option was added --collect-topology: Collect topology info with hwloc.
53 [140719038100160] INFO perfrun.launcher <> - the option was added --persistent-mem-metrics: Collect Persistent Memory performance counters.
53 [140719038100160] INFO perfrun.launcher <> - the option was added --os-counters: Collect OS counters
55 [140719038100160] INFO perfrun.launcher <> - create msngr2::ICliToolContext
56 [140719038100160] INFO perfrun.launcher <> - create file finder object
56 [140719038100160] INFO perfrun.launcher <> - create a result directory: pattern = /home/users/jgepereira/monte_carlo/vtune_results/hotspots_sw_N500000000_T20 pid = 4294967295
60 [140719038100160] INFO perfrun.sdk <> - checked that the directory /home/users/jgepereira/monte_carlo/vtune_results/hotspots_sw_N500000000_T20 is a local directory
61 [140719038100160] INFO perfrun.sdk <> - the directory /home/users/jgepereira/monte_carlo/vtune_results/hotspots_sw_N500000000_T20 is located on a share or its FS ID is unknown 26985
61 [140719038100160] INFO perfrun.sdk <> - checked that the directory /tmp/amplxe-tmp-jgepereira is a local directory
61 [140719038100160] INFO perfrun.sdk <> - the directory /tmp/amplxe-tmp-jgepereira is a local directory with FS type ID 61267
61 [140719038100160] INFO perfrun.launcher <> - Create a local result directory /tmp/amplxe-tmp-jgepereira/amplxe-res-1828557-30411238714811697 due to the user result path /home/users/jgepereira/monte_carlo/vtune_results/hotspots_sw_N500000000_T20 is located on a share
61 [140719038100160] INFO perfrun.launcher <> - create data directory = /tmp/amplxe-tmp-jgepereira/amplxe-res-1828557-30411238714811697/data.0
62 [140719038100160] INFO perfrun.launcher <> - create data directory = /home/users/jgepereira/monte_carlo/vtune_results/hotspots_sw_N500000000_T20/data.0
66 [140719038100160] INFO perfrun.launcher <> - Creating the master collection flag
71 [140719038100160] INFO perfrun.launcher <> - Done creating the master collection flag
75 [140718882416320] INFO perfrun.launcher <> - plugin [remoteplug] was disabled because it doesn't support the given collection type.
75 [140718882416320] INFO perfrun.sdk <> - Allocating TMU :/tmp/amplxe-tmp-jgepereira/amplxe-res-1828557-30411238714811697/data.0/systemcollector-1828557-hype1.sc
76 [140718882416320] INFO perfrun.system <> - Tpss based collection
76 [140718882416320] INFO perfrun.launcher <> - plugin [ptracecollector] was disabled because it doesn't support the given collection type.
76 [140718882416320] INFO perfrun.launcher <> - plugin [gpu] was disabled because it doesn't support the given collection type.
76 [140718882416320] INFO perfrun.launcher <> - plugin [] was disabled because it doesn't support the given collection type.
76 [140718882416320] INFO perfrun.launcher <> - plugin [] was disabled because it doesn't support the given collection type.
76 [140718882416320] INFO perfrun.launcher <> - plugin [] was disabled because it doesn't support the given collection type.
76 [140718882416320] INFO perfrun.mrte <> - system-wide mode is 0
76 [140718882416320] INFO perfrun.mrte <> - Getting  mrte profiling environment ...
106 [140718882416320] INFO perfrun.mrte <> - INTEL_MRTE_DATA_DIR=/tmp/amplxe-tmp-jgepereira/amplxe-res-1828557-30411238714811697/data.0
106 [140718882416320] INFO perfrun.mrte <> - INTEL_MRTE_HOST_NAME=hype1
106 [140718882416320] INFO perfrun.mrte <> - JAVA_TOOL_OPTIONS=-agentlib:amplxe_tpssmrte_javaprof_1.0 -Dsun.boot.library.path=/home/intel/oneapi/vtune/2021.1.1/lib32/runtime:/home/intel/oneapi/vtune/2021.1.1/lib64/runtime
106 [140718882416320] INFO perfrun.mrte <> - Data directory: /tmp/amplxe-tmp-jgepereira/amplxe-res-1828557-30411238714811697/data.0
106 [140718882416320] INFO perfrun.mrte <> - Mrte plugin is initialized
106 [140718882416320] INFO perfrun.launcher <> - plugin [emon] was disabled because it doesn't support the given collection type.
106 [140718882416320] INFO perfrun.launcher <> - plugin [cuscol] was disabled because it doesn't support the given collection type.
106 [140718882416320] INFO perfrun.launcher <> - plugin [stdsrc] was disabled because it doesn't support the given collection type.
106 [140718882416320] INFO perfrun.launcher <> - plugin [sep] was disabled because it doesn't support the given collection type.
106 [140718882416320] INFO perfrun.launcher <> - plugin [vtsspp] was disabled because it doesn't support the given collection type.
106 [140718882416320] INFO perfrun.sdk <> - runCmd: "/home/intel/oneapi/vtune/2021.1.1/bin64/sep" -dry-run -sam 1 -ec "CPU_CLK_UNHALTED.THREAD,CPU_CLK_UNHALTED.REF_TSC:sample:sa=2300000,INST_RETIRED.ANY:sample:sa=2300000,CPU_CLK_UNHALTED.REF_XCLK,CPU_CLK_UNHALTED.ONE_THREAD_ACTIVE,UOPS_RETIRED.RETIRE_SLOTS:sample:sa=2000003" -experimental
127 [140718882416320] INFO perfrun.perfcollector <> - SepDryRun RC = true
127 [140718882416320] INFO perfrun.perfcollector <> - DRY_RUN : "PMU type: Core (core)"
131 [140718882416320] INFO perfrun.perfcollector <> - pmu type : cpu
131 [140718882416320] INFO perfrun.perfcollector <> - DRY_RUN : "Group 0:"
131 [140718882416320] INFO perfrun.perfcollector <> - id : 0
131 [140718882416320] INFO perfrun.perfcollector <> - DRY_RUN : "INST_RETIRED.ANY: event id 2"
131 [140718882416320] INFO perfrun.perfcollector <> - eventName : INST_RETIRED.ANY , eventId : 2
131 [140718882416320] INFO perfrun.perfcollector <> - DRY_RUN : "CPU_CLK_UNHALTED.THREAD: event id 0"
131 [140718882416320] INFO perfrun.perfcollector <> - eventName : CPU_CLK_UNHALTED.THREAD , eventId : 0
131 [140718882416320] INFO perfrun.perfcollector <> - DRY_RUN : "CPU_CLK_UNHALTED.REF_TSC: event id 1"
131 [140718882416320] INFO perfrun.perfcollector <> - eventName : CPU_CLK_UNHALTED.REF_TSC , eventId : 1
131 [140718882416320] INFO perfrun.perfcollector <> - DRY_RUN : "CPU_CLK_UNHALTED.REF_XCLK: event id 3"
131 [140718882416320] INFO perfrun.perfcollector <> - eventName : CPU_CLK_UNHALTED.REF_XCLK , eventId : 3
131 [140718882416320] INFO perfrun.perfcollector <> - DRY_RUN : "CPU_CLK_UNHALTED.ONE_THREAD_ACTIVE: event id 4"
131 [140718882416320] INFO perfrun.perfcollector <> - eventName : CPU_CLK_UNHALTED.ONE_THREAD_ACTIVE , eventId : 4
131 [140718882416320] INFO perfrun.perfcollector <> - DRY_RUN : "UOPS_RETIRED.RETIRE_SLOTS: event id 5"
131 [140718882416320] INFO perfrun.perfcollector <> - eventName : UOPS_RETIRED.RETIRE_SLOTS , eventId : 5
131 [140718882416320] INFO perfrun.perfcollector <> - DRY_RUN : "CCCR"
131 [140718882416320] INFO perfrun.perfcollector <> - DRY_RUN : "reg_type       = 1	event_id       = g	reg_id         = 38f	reg_value      = 700000007"
131 [140718882416320] INFO perfrun.perfcollector <> - eventId : g , ignored
131 [140718882416320] INFO perfrun.perfcollector <> - DRY_RUN : "reg_type       = 1	event_id       = g	reg_id         = 390	reg_value      = 700000007"
131 [140718882416320] INFO perfrun.perfcollector <> - eventId : g , ignored
131 [140718882416320] INFO perfrun.perfcollector <> - DRY_RUN : "reg_type       = 1	event_id       = g	reg_id         = 3f1	reg_value      = 0"
131 [140718882416320] INFO perfrun.perfcollector <> - eventId : g , ignored
131 [140718882416320] INFO perfrun.perfcollector <> - DRY_RUN : "reg_type       = 1	event_id       = g	reg_id         = 1d9	reg_value      = 1800"
131 [140718882416320] INFO perfrun.perfcollector <> - eventId : g , ignored
131 [140718882416320] INFO perfrun.perfcollector <> - DRY_RUN : "reg_type       = 1	event_id       = g	reg_id         = 38d	reg_value      = bbb"
131 [140718882416320] INFO perfrun.perfcollector <> - eventId : g , ignored
131 [140718882416320] INFO perfrun.perfcollector <> - DRY_RUN : "reg_type       = 1	event_id       = 3	reg_id         = 186	reg_value      = 53013c"
131 [140718882416320] INFO perfrun.perfcollector <> - eventId : 3 , cccrAddr : 186 , cccrVal : 53013c
131 [140718882416320] INFO perfrun.perfcollector <> - DRY_RUN : "reg_type       = 1	event_id       = 4	reg_id         = 187	reg_value      = 53023c"
131 [140718882416320] INFO perfrun.perfcollector <> - eventId : 4 , cccrAddr : 187 , cccrVal : 53023c
131 [140718882416320] INFO perfrun.perfcollector <> - DRY_RUN : "reg_type       = 1	event_id       = 5	reg_id         = 188	reg_value      = 5302c2"
131 [140718882416320] INFO perfrun.perfcollector <> - eventId : 5 , cccrAddr : 188 , cccrVal : 5302c2
131 [140718882416320] INFO perfrun.perfcollector <> - DRY_RUN : "ESCR"
131 [140718882416320] INFO perfrun.perfcollector <> - DRY_RUN : "reg_type       = 2	event_id       = g	reg_id         = 1c8	reg_value      = 0"
131 [140718882416320] INFO perfrun.perfcollector <> - eventId : g , ignored
131 [140718882416320] INFO perfrun.perfcollector <> - DRY_RUN : "DATA"
131 [140718882416320] INFO perfrun.perfcollector <> - DRY_RUN : "reg_type       = 4	event_id       = 2	reg_id         = 309	reg_value      = ffffffdce7a0"
131 [140718882416320] INFO perfrun.perfcollector <> - eventId : 2 , dataAddr : 309 , dataVal : ffffffdce7a0
131 [140718882416320] INFO perfrun.perfcollector <> - DRY_RUN : "reg_type       = 4	event_id       = 0	reg_id         = 30a	reg_value      = ffffffe17b7d"
131 [140718882416320] INFO perfrun.perfcollector <> - eventId : 0 , dataAddr : 30a , dataVal : ffffffe17b7d
131 [140718882416320] INFO perfrun.perfcollector <> - DRY_RUN : "reg_type       = 4	event_id       = 1	reg_id         = 30b	reg_value      = ffffffdce7a0"
131 [140718882416320] INFO perfrun.perfcollector <> - eventId : 1 , dataAddr : 30b , dataVal : ffffffdce7a0
131 [140718882416320] INFO perfrun.perfcollector <> - DRY_RUN : "reg_type       = 4	event_id       = 3	reg_id         = c1	reg_value      = fffffffe795d"
131 [140718882416320] INFO perfrun.perfcollector <> - eventId : 3 , dataAddr : c1 , dataVal : fffffffe795d
131 [140718882416320] INFO perfrun.perfcollector <> - DRY_RUN : "reg_type       = 4	event_id       = 4	reg_id         = c2	reg_value      = fffffffe795d"
131 [140718882416320] INFO perfrun.perfcollector <> - eventId : 4 , dataAddr : c2 , dataVal : fffffffe795d
131 [140718882416320] INFO perfrun.perfcollector <> - DRY_RUN : "reg_type       = 4	event_id       = 5	reg_id         = c3	reg_value      = ffffffe17b7d"
131 [140718882416320] INFO perfrun.perfcollector <> - eventId : 5 , dataAddr : c3 , dataVal : ffffffe17b7d
131 [140718882416320] INFO perfrun.perfcollector <> - pmu config : cpu , m_cccrAddr : ffffffff , m_cccrVal : 0 , m_escrAddr : ffffffff , m_escrVal : 0 , m_dataAddr : 30a , m_dataVal : ffffffffffe17b7d
131 [140718882416320] INFO perfrun.perfcollector <> - config : event : 3c
131 [140718882416320] INFO perfrun.perfcollector <> - config : pc : 0
131 [140718882416320] INFO perfrun.perfcollector <> - config : edge : 0
131 [140718882416320] INFO perfrun.perfcollector <> - config : any : 0
131 [140718882416320] INFO perfrun.perfcollector <> - config1 : offcore_rsp : 0
131 [140718882416320] INFO perfrun.perfcollector <> - config1 : ldlat : 0
131 [140718882416320] INFO perfrun.perfcollector <> - config : inv : 0
131 [140718882416320] INFO perfrun.perfcollector <> - config : umask : 0
131 [140718882416320] INFO perfrun.perfcollector <> - config : cmask : 0
131 [140718882416320] INFO perfrun.perfcollector <> - format : cpu/event=0x3c,name='CPU_CLK_UNHALTED.THREAD'/D
131 [140718882416320] INFO perfrun.perfcollector <> - pmu config : cpu , m_cccrAddr : ffffffff , m_cccrVal : 0 , m_escrAddr : ffffffff , m_escrVal : 0 , m_dataAddr : 30b , m_dataVal : ffffffffffdce7a0
131 [140718882416320] INFO perfrun.perfcollector <> - config : event : 0
131 [140718882416320] INFO perfrun.perfcollector <> - config : pc : 0
131 [140718882416320] INFO perfrun.perfcollector <> - config : edge : 0
131 [140718882416320] INFO perfrun.perfcollector <> - config : any : 0
131 [140718882416320] INFO perfrun.perfcollector <> - config1 : offcore_rsp : 0
131 [140718882416320] INFO perfrun.perfcollector <> - config1 : ldlat : 0
131 [140718882416320] INFO perfrun.perfcollector <> - config : inv : 0
131 [140718882416320] INFO perfrun.perfcollector <> - config : umask : 3
131 [140718882416320] INFO perfrun.perfcollector <> - config : cmask : 0
131 [140718882416320] INFO perfrun.perfcollector <> - format : cpu/umask=0x3,name='CPU_CLK_UNHALTED.REF_TSC'/D
131 [140718882416320] INFO perfrun.perfcollector <> - pmu config : cpu , m_cccrAddr : ffffffff , m_cccrVal : 0 , m_escrAddr : ffffffff , m_escrVal : 0 , m_dataAddr : 309 , m_dataVal : ffffffffffdce7a0
131 [140718882416320] INFO perfrun.perfcollector <> - config : event : c0
131 [140718882416320] INFO perfrun.perfcollector <> - config : pc : 0
131 [140718882416320] INFO perfrun.perfcollector <> - config : edge : 0
131 [140718882416320] INFO perfrun.perfcollector <> - config : any : 0
131 [140718882416320] INFO perfrun.perfcollector <> - config1 : offcore_rsp : 0
131 [140718882416320] INFO perfrun.perfcollector <> - config1 : ldlat : 0
131 [140718882416320] INFO perfrun.perfcollector <> - config : inv : 0
131 [140718882416320] INFO perfrun.perfcollector <> - config : umask : 0
131 [140718882416320] INFO perfrun.perfcollector <> - config : cmask : 0
131 [140718882416320] INFO perfrun.perfcollector <> - format : cpu/event=0xc0,name='INST_RETIRED.ANY'/D
131 [140718882416320] INFO perfrun.perfcollector <> - pmu config : cpu , m_cccrAddr : 186 , m_cccrVal : 53013c , m_escrAddr : ffffffff , m_escrVal : 0 , m_dataAddr : c1 , m_dataVal : fffffffffffe795d
131 [140718882416320] INFO perfrun.perfcollector <> - config : event : 3c
131 [140718882416320] INFO perfrun.perfcollector <> - config : pc : 0
131 [140718882416320] INFO perfrun.perfcollector <> - config : edge : 0
131 [140718882416320] INFO perfrun.perfcollector <> - config : any : 0
131 [140718882416320] INFO perfrun.perfcollector <> - config1 : offcore_rsp : 0
131 [140718882416320] INFO perfrun.perfcollector <> - config1 : ldlat : 0
131 [140718882416320] INFO perfrun.perfcollector <> - config : inv : 0
131 [140718882416320] INFO perfrun.perfcollector <> - config : umask : 1
131 [140718882416320] INFO perfrun.perfcollector <> - config : cmask : 0
131 [140718882416320] INFO perfrun.perfcollector <> - format : cpu/event=0x3c,umask=0x1,name='CPU_CLK_UNHALTED.REF_XCLK'/
131 [140718882416320] INFO perfrun.perfcollector <> - pmu config : cpu , m_cccrAddr : 187 , m_cccrVal : 53023c , m_escrAddr : ffffffff , m_escrVal : 0 , m_dataAddr : c2 , m_dataVal : fffffffffffe795d
131 [140718882416320] INFO perfrun.perfcollector <> - config : event : 3c
131 [140718882416320] INFO perfrun.perfcollector <> - config : pc : 0
131 [140718882416320] INFO perfrun.perfcollector <> - config : edge : 0
131 [140718882416320] INFO perfrun.perfcollector <> - config : any : 0
131 [140718882416320] INFO perfrun.perfcollector <> - config1 : offcore_rsp : 0
131 [140718882416320] INFO perfrun.perfcollector <> - config1 : ldlat : 0
131 [140718882416320] INFO perfrun.perfcollector <> - config : inv : 0
131 [140718882416320] INFO perfrun.perfcollector <> - config : umask : 2
131 [140718882416320] INFO perfrun.perfcollector <> - config : cmask : 0
131 [140718882416320] INFO perfrun.perfcollector <> - format : cpu/event=0x3c,umask=0x2,name='CPU_CLK_UNHALTED.ONE_THREAD_ACTIVE'/
131 [140718882416320] INFO perfrun.perfcollector <> - pmu config : cpu , m_cccrAddr : 188 , m_cccrVal : 5302c2 , m_escrAddr : ffffffff , m_escrVal : 0 , m_dataAddr : c3 , m_dataVal : ffffffffffe17b7d
131 [140718882416320] INFO perfrun.perfcollector <> - config : event : c2
131 [140718882416320] INFO perfrun.perfcollector <> - config : pc : 0
131 [140718882416320] INFO perfrun.perfcollector <> - config : edge : 0
131 [140718882416320] INFO perfrun.perfcollector <> - config : any : 0
131 [140718882416320] INFO perfrun.perfcollector <> - config1 : offcore_rsp : 0
131 [140718882416320] INFO perfrun.perfcollector <> - config1 : ldlat : 0
131 [140718882416320] INFO perfrun.perfcollector <> - config : inv : 0
131 [140718882416320] INFO perfrun.perfcollector <> - config : umask : 2
131 [140718882416320] INFO perfrun.perfcollector <> - config : cmask : 0
131 [140718882416320] INFO perfrun.perfcollector <> - format : cpu/event=0xc2,umask=0x2,name='UOPS_RETIRED.RETIRE_SLOTS'/
131 [140718882416320] INFO perfrun.perfcollector <> - event: cpu/event=0x3c,name='CPU_CLK_UNHALTED.THREAD'/Duk , added for counting
131 [140718882416320] INFO perfrun.perfcollector <> - event: cpu/umask=0x3,name='CPU_CLK_UNHALTED.REF_TSC'/Duk , added for counting
131 [140718882416320] INFO perfrun.perfcollector <> - event: cpu/event=0xc0,name='INST_RETIRED.ANY'/Duk , added for counting
131 [140718882416320] INFO perfrun.perfcollector <> - event: cpu/event=0x3c,umask=0x1,name='CPU_CLK_UNHALTED.REF_XCLK'/uk , added for counting
131 [140718882416320] INFO perfrun.perfcollector <> - event: cpu/event=0x3c,umask=0x2,name='CPU_CLK_UNHALTED.ONE_THREAD_ACTIVE'/uk , added for counting
131 [140718882416320] INFO perfrun.perfcollector <> - event: cpu/event=0xc2,umask=0x2,name='UOPS_RETIRED.RETIRE_SLOTS'/uk , added for counting
131 [140718852298432] WARN perfrun.perfcollector <> - Perf stat trace pipe capacity: read = 1048576, write = 1048576, at file: vcs/perfrun1/plugins/perfcollector/src/profiler.cpp:763
131 [140718852298432] INFO perfrun.perfcollector <> - Path to Perf control pipe: /tmp/amplxe-tmp-jgepereira/perf-pipe-1828557-30411238877418127
133 [140718852298432] INFO perfrun.sdk <> - runCmd: "/home/intel/oneapi/vtune/2021.1.1/bin64/amplxe-perf" stat -v --log-fd 11 --pipe "/tmp/amplxe-tmp-jgepereira/perf-pipe-1828557-30411238877418127" --pipe-sync --scale -x ; -e cpu/event=0x3c,name='CPU_CLK_UNHALTED.THREAD'/Duk,cpu/umask=0x3,name='CPU_CLK_UNHALTED.REF_TSC'/Duk,cpu/event=0xc0,name='INST_RETIRED.ANY'/Duk,cpu/event=0x3c,umask=0x1,name='CPU_CLK_UNHALTED.REF_XCLK'/uk,cpu/event=0x3c,umask=0x2,name='CPU_CLK_UNHALTED.ONE_THREAD_ACTIVE'/uk,cpu/event=0xc2,umask=0x2,name='UOPS_RETIRED.RETIRE_SLOTS'/uk "/home/intel/oneapi/vtune/2021.1.1/bin64/amplxe-perf-sync" dryrun sys
200 [140718843905728] INFO perfrun.perfcollector <> - PERF_STAT : "CPU_CLK_UNHALTED.THREAD: 8238168 3106334 3106334"
200 [140718843905728] WARN perfrun.perfcollector <> - Unexpected PERF_STAT format, ignored, at file: vcs/perfrun1/plugins/perfcollector/src/profiler.cpp:490
200 [140718843905728] INFO perfrun.perfcollector <> - PERF_STAT : "CPU_CLK_UNHALTED.REF_TSC: 7021877 3106334 3106334"
200 [140718843905728] WARN perfrun.perfcollector <> - Unexpected PERF_STAT format, ignored, at file: vcs/perfrun1/plugins/perfcollector/src/profiler.cpp:490
200 [140718843905728] INFO perfrun.perfcollector <> - PERF_STAT : "INST_RETIRED.ANY: 8479522 3106334 3106334"
200 [140718843905728] WARN perfrun.perfcollector <> - Unexpected PERF_STAT format, ignored, at file: vcs/perfrun1/plugins/perfcollector/src/profiler.cpp:490
200 [140718843905728] INFO perfrun.perfcollector <> - PERF_STAT : "CPU_CLK_UNHALTED.REF_XCLK: 305299 3106334 3106334"
200 [140718843905728] WARN perfrun.perfcollector <> - Unexpected PERF_STAT format, ignored, at file: vcs/perfrun1/plugins/perfcollector/src/profiler.cpp:490
200 [140718843905728] INFO perfrun.perfcollector <> - PERF_STAT : "CPU_CLK_UNHALTED.ONE_THREAD_ACTIVE: 305180 3106334 3106334"
200 [140718843905728] WARN perfrun.perfcollector <> - Unexpected PERF_STAT format, ignored, at file: vcs/perfrun1/plugins/perfcollector/src/profiler.cpp:490
200 [140718843905728] INFO perfrun.perfcollector <> - PERF_STAT : "UOPS_RETIRED.RETIRE_SLOTS: 8950227 3106334 3106334"
200 [140718843905728] WARN perfrun.perfcollector <> - Unexpected PERF_STAT format, ignored, at file: vcs/perfrun1/plugins/perfcollector/src/profiler.cpp:490
200 [140718843905728] INFO perfrun.perfcollector <> - PERF_STAT : "8238168;;CPU_CLK_UNHALTED.THREAD;3106334;100.00;;"
200 [140718843905728] INFO perfrun.perfcollector <> - PERF_STAT : "7021877;;CPU_CLK_UNHALTED.REF_TSC;3106334;100.00;;"
200 [140718843905728] INFO perfrun.perfcollector <> - PERF_STAT : "8479522;;INST_RETIRED.ANY;3106334;100.00;;"
200 [140718843905728] INFO perfrun.perfcollector <> - PERF_STAT : "305299;;CPU_CLK_UNHALTED.REF_XCLK;3106334;100.00;;"
200 [140718843905728] INFO perfrun.perfcollector <> - PERF_STAT : "305180;;CPU_CLK_UNHALTED.ONE_THREAD_ACTIVE;3106334;100.00;;"
200 [140718843905728] INFO perfrun.perfcollector <> - PERF_STAT : "8950227;;UOPS_RETIRED.RETIRE_SLOTS;3106334;100.00;;"
203 [140718852298432] INFO perfrun.perfcollector <> - Monitor: runCmd RC = true
203 [140718882416320] INFO perfrun.launcher <> - plugin [aoclprofile] was disabled because it doesn't support the given collection type.
203 [140718882416320] INFO perfrun.tpss <> - initialize tpss controller
203 [140718882416320] INFO perfrun.tpss <> - configure collection mode: value = cpu:counters:nostack
203 [140718882416320] INFO perfrun.tpss <> - configure collection mode: value = cpu:stack
203 [140718882416320] INFO perfrun.tpss <> - default obj-size-min=1024
203 [140718882416320] INFO perfrun.tpss <> - default hash-table-size=0
234 [140718882416320] INFO perfrun.launcher <> - plugin [exprof] was disabled because it doesn't support the given collection type.
234 [140718882416320] INFO perfrun.launcher <> - plugin [ice] was disabled because it doesn't support the given collection type.
234 [140718882416320] INFO perfrun.launcher <> - plugin [] was disabled because it doesn't support the given collection type.
234 [140718882416320] INFO perfrun.launcher <> - plugin [] was disabled because it doesn't support the given collection type.
234 [140718882416320] INFO perfrun.launcher <> - plugin [parallelfs] was disabled because it doesn't support the given collection type.
234 [140718882416320] INFO perfrun.launcher <> - plugin [power] was disabled because it doesn't support the given collection type.
234 [140718882416320] INFO perfrun.launcher <> - plugin [hwloc] was disabled because it doesn't support the given collection type.
234 [140718882416320] INFO perfrun.launcher <> - plugin [ipmwatch] was disabled because it doesn't support the given collection type.
234 [140718882416320] INFO perfrun.launcher <> - plugin [os_counters] was disabled because it doesn't support the given collection type.
234 [140719038100160] INFO perfrun.launcher <> - set environment variable: LD_LIBRARY_PATH = /home/intel/oneapi/vtune/2021.1.1/lib32/runtime:/home/intel/oneapi/vtune/2021.1.1/lib64/runtime
234 [140719038100160] INFO perfrun.launcher <> - set environment variable: INTEL_LIBITTNOTIFY32 = /home/intel/oneapi/vtune/2021.1.1/lib32/runtime/libittnotify_collector.so
234 [140719038100160] INFO perfrun.launcher <> - set environment variable: INTEL_LIBITTNOTIFY64 = /home/intel/oneapi/vtune/2021.1.1/lib64/runtime/libittnotify_collector.so
234 [140719038100160] INFO perfrun.launcher <> - set environment variable: INTEL_ITTNOTIFY_GROUPS = 
234 [140719038100160] INFO perfrun.launcher <> - set environment variable: INTEL_JIT_PROFILER32 = /home/intel/oneapi/vtune/2021.1.1/lib32/runtime/libittnotify_collector.so
234 [140719038100160] INFO perfrun.launcher <> - set environment variable: INTEL_JIT_PROFILER64 = /home/intel/oneapi/vtune/2021.1.1/lib64/runtime/libittnotify_collector.so
234 [140719038100160] INFO perfrun.launcher <> - set environment variable: VS_PROFILER = libittnotify_collector.so
234 [140719038100160] INFO perfrun.launcher <> - set environment variable: OMP_TOOL_LIBRARIES = /home/intel/oneapi/vtune/2021.1.1/lib32/runtime/libittnotify_collector.so:/home/intel/oneapi/vtune/2021.1.1/lib64/runtime/libittnotify_collector.so
234 [140719038100160] INFO perfrun.launcher <> - set environment variable: ENABLE_JITPROFILING = 1
234 [140719038100160] INFO perfrun.launcher <> - set environment variable: CL_CONFIG_USE_VTUNE = True
234 [140719038100160] INFO perfrun.launcher <> - set environment variable: KMP_FORKJOIN_FRAMES = 0
234 [140719038100160] INFO perfrun.launcher <> - set environment variable: KMP_FORKJOIN_FRAMES_MODE = 0
234 [140719038100160] INFO perfrun.launcher <> - set environment variable: OMP_TOOL = disabled
234 [140719038100160] INFO perfrun.launcher <> - set environment variable: INTEL_MRTE_DATA_DIR = /tmp/amplxe-tmp-jgepereira/amplxe-res-1828557-30411238714811697/data.0
234 [140719038100160] INFO perfrun.launcher <> - set environment variable: INTEL_MRTE_HOST_NAME = hype1
234 [140719038100160] INFO perfrun.launcher <> - set environment variable: JAVA_TOOL_OPTIONS = -agentlib:amplxe_tpssmrte_javaprof_1.0 -Dsun.boot.library.path=/home/intel/oneapi/vtune/2021.1.1/lib32/runtime:/home/intel/oneapi/vtune/2021.1.1/lib64/runtime
234 [140719038100160] INFO perfrun.launcher <> - RpcServer: run RPC server to handle requests
238 [140719038100160] INFO perfrun.launcher <> - Launcher: command line to start before modification = ./monte_carlo_omp_vtune 500000000 42
238 [140719038100160] INFO perfrun.launcher <> - Launcher: command line to start after modification = /home/intel/oneapi/vtune/2021.1.1/bin64/pin -error_file /tmp/amplxe-tmp-jgepereira/amplxe-res-1828557-30411238714811697/data.0/pinerr.tpsslog -detach_reattach -follow_execv -tool_load_option deepbind -t64 /home/intel/oneapi/vtune/2021.1.1/lib64/libtpsstool.so -t /home/intel/oneapi/vtune/2021.1.1/lib32/libtpsstool.so -server_name tpss_ipc.1828557 -prd_dir /home/intel/oneapi/vtune/2021.1.1 -- ./monte_carlo_omp_vtune 500000000 42
238 [140719038100160] INFO perfrun.launcher <> - ProcessCreator object was created
239 [140719038100160] INFO perfrun.launcher <> - Launcher: the process was started in suspend mode
243 [140718882416320] WARN perfrun.system <> - Could not do anything with /sys/kernel/debug/kvm: boost::filesystem::status: Permission denied: "/sys/kernel/debug/kvm", at file: vcs/perfrun1/plugins/system/src/trace_writer.cpp:796
243 [140718882416320] WARN perfrun.system <> - Folder "/var/run/libvirt/qemu/"doesn't exist, at file: vcs/perfrun1/plugins/system/src/trace_writer.cpp:809
246 [140718882416320] WARN perfrun.sdk <> - Failed to find xl binary on any of the system paths: /bin, /sbin, /usr/bin, /usr/sbin., at file: vcs/perfrun1/sdk/src/utils.cpp:197
246 [140718882416320] WARN perfrun.system <> - Could not start ContainerMapping collector, at file: vcs/perfrun1/plugins/system/src/controller.cpp:468
256 [140718882416320] INFO perfrun.vdso <> - Helper runtool '/home/intel/oneapi/vtune/2021.1.1/bin32/amplxe-runss -dump-vdso -r /tmp/amplxe-tmp-jgepereira/amplxe-res-1828557-30411238714811697 --tmp-dir /tmp/amplxe-tmp-jgepereira' returned 1
341 [140718882416320] INFO perfrun.vdso <> - Helper runtool '/home/intel/oneapi/vtune/2021.1.1/bin64/amplxe-runss -dump-vdso -r /tmp/amplxe-tmp-jgepereira/amplxe-res-1828557-30411238714811697 --tmp-dir /tmp/amplxe-tmp-jgepereira' returned 0
341 [140718882416320] INFO perfrun.itt <> - start itt controller for pid #1828567
342 [140718622369472] WARN perfrun.perfcollector <> - Perf stat trace pipe capacity: read = 1048576, write = 1048576, at file: vcs/perfrun1/plugins/perfcollector/src/profiler.cpp:763
342 [140718622369472] INFO perfrun.perfcollector <> - Path to Perf control pipe: /tmp/amplxe-tmp-jgepereira/perf-pipe-1828557-30411239360635094
343 [140718622369472] INFO perfrun.sdk <> - runCmd: "/home/intel/oneapi/vtune/2021.1.1/bin64/amplxe-perf" stat -v --log-fd 22 --pipe "/tmp/amplxe-tmp-jgepereira/perf-pipe-1828557-30411239360635094" --pipe-sync --scale -x ; -p 1828567 -e cpu/event=0x3c,name='CPU_CLK_UNHALTED.THREAD'/Duk,cpu/umask=0x3,name='CPU_CLK_UNHALTED.REF_TSC'/Duk,cpu/event=0xc0,name='INST_RETIRED.ANY'/Duk,cpu/event=0x3c,umask=0x1,name='CPU_CLK_UNHALTED.REF_XCLK'/uk,cpu/event=0x3c,umask=0x2,name='CPU_CLK_UNHALTED.ONE_THREAD_ACTIVE'/uk,cpu/event=0xc2,umask=0x2,name='UOPS_RETIRED.RETIRE_SLOTS'/uk "/home/intel/oneapi/vtune/2021.1.1/bin64/amplxe-perf-sync" sync sys
377 [140718882416320] INFO perfrun.tpss <> - start tpss controller for pid #1828567
427 [140719038100160] INFO perfrun.launcher <> - Launcher: all plugins were started
427 [140719038100160] INFO perfrun.launcher <> - DirectoryMonitor object was created
427 [140719038100160] INFO perfrun.launcher <> - DirectoryMonitor: a callback was added
427 [140719038100160] INFO perfrun.launcher <> - DirectoryMonitor was started with pingTime = 1000
427 [140719038100160] INFO perfrun.launcher <> - DeadlineTimer is going to be constructed
428 [140719038100160] INFO perfrun.launcher <> - DeadlineTimer: a callback was added
452 [140719038100160] INFO perfrun.launcher <> - Launcher: resume the profiled application and  wait its termination or stop command
507 [140719038100160] INFO perfrun.launcher <> - Launcher: the profiled application was terminated  with exit code = 255
508 [140718882416320] WARN perfrun.launcher <> - can't send #0 signal to the process with pid #1828567 - , at file: vcs/perfrun1/launcher/src/signal_handler_lin.cpp:65
514 [140718882416320] WARN perfrun.launcher <> - can't send #0 signal to the process with pid #1828567 - , at file: vcs/perfrun1/launcher/src/signal_handler_lin.cpp:65
516 [140718882416320] INFO perfrun.itt <> - stop itt controller
516 [140718882416320] INFO perfrun.itt <> - detach itt controller
519 [140718852298432] INFO perfrun.perfcollector <> - PERF_STAT : "CPU_CLK_UNHALTED.THREAD: 174315407 60839505 60839505"
519 [140718852298432] WARN perfrun.perfcollector <> - Unexpected PERF_STAT format, ignored, at file: vcs/perfrun1/plugins/perfcollector/src/profiler.cpp:490
520 [140718852298432] INFO perfrun.perfcollector <> - PERF_STAT : "CPU_CLK_UNHALTED.REF_TSC: 136641275 60839505 60839505"
520 [140718852298432] WARN perfrun.perfcollector <> - Unexpected PERF_STAT format, ignored, at file: vcs/perfrun1/plugins/perfcollector/src/profiler.cpp:490
520 [140718852298432] INFO perfrun.perfcollector <> - PERF_STAT : "INST_RETIRED.ANY: 160438239 60839505 60839505"
520 [140718852298432] WARN perfrun.perfcollector <> - Unexpected PERF_STAT format, ignored, at file: vcs/perfrun1/plugins/perfcollector/src/profiler.cpp:490
520 [140718852298432] INFO perfrun.perfcollector <> - PERF_STAT : "CPU_CLK_UNHALTED.REF_XCLK: 5927761 60839505 60839505"
520 [140718852298432] WARN perfrun.perfcollector <> - Unexpected PERF_STAT format, ignored, at file: vcs/perfrun1/plugins/perfcollector/src/profiler.cpp:490
520 [140718852298432] INFO perfrun.perfcollector <> - PERF_STAT : "CPU_CLK_UNHALTED.ONE_THREAD_ACTIVE: 5920073 60839505 60839505"
520 [140718852298432] WARN perfrun.perfcollector <> - Unexpected PERF_STAT format, ignored, at file: vcs/perfrun1/plugins/perfcollector/src/profiler.cpp:490
520 [140718852298432] INFO perfrun.perfcollector <> - PERF_STAT : "UOPS_RETIRED.RETIRE_SLOTS: 196980456 60839505 60839505"
520 [140718852298432] WARN perfrun.perfcollector <> - Unexpected PERF_STAT format, ignored, at file: vcs/perfrun1/plugins/perfcollector/src/profiler.cpp:490
520 [140718852298432] INFO perfrun.perfcollector <> - PERF_STAT : "174315407;;CPU_CLK_UNHALTED.THREAD;60839505;100.00;;"
520 [140718852298432] INFO perfrun.perfcollector <> - PERF_STAT : "136641275;;CPU_CLK_UNHALTED.REF_TSC;60839505;100.00;;"
520 [140718852298432] INFO perfrun.perfcollector <> - PERF_STAT : "160438239;;INST_RETIRED.ANY;60839505;100.00;;"
520 [140718852298432] INFO perfrun.perfcollector <> - PERF_STAT : "5927761;;CPU_CLK_UNHALTED.REF_XCLK;60839505;100.00;;"
520 [140718852298432] INFO perfrun.perfcollector <> - PERF_STAT : "5920073;;CPU_CLK_UNHALTED.ONE_THREAD_ACTIVE;60839505;100.00;;"
520 [140718852298432] INFO perfrun.perfcollector <> - PERF_STAT : "196980456;;UOPS_RETIRED.RETIRE_SLOTS;60839505;100.00;;"
522 [140718622369472] INFO perfrun.perfcollector <> - Monitor: runCmd RC = true
522 [140718882416320] INFO perfrun.perfcollector <> - Monitor: state = 3, error = 1
522 [140718882416320] INFO perfrun.tpss <> - stop tpss controller
523 [140718882416320] ERROR perfrun.launcher <> - Messenger::say: [Instrumentation Engine]: Source/pin/elfio/img_elf.cpp: ProcessSectionHeaders: 927: unknown section type 0x13 for sec[51,.relr.dyn] in /lib64/ld-linux-x86-64.so.2 
523 [140718882416320] ERROR perfrun.launcher <> - tpss can not perform an operation and will be disabled., at file: vcs/perfrun1/launcher/src/plugin_manager_impl.hpp:433
523 [140718882416320] INFO perfrun.sdk <> - De-allocating TMU: /tmp/amplxe-tmp-jgepereira/amplxe-res-1828557-30411238714811697/data.0/systemcollector-1828557-hype1.sc
523 [140718882416320] INFO perfrun.system <> - closed the system trace file: /tmp/amplxe-tmp-jgepereira/amplxe-res-1828557-30411238714811697/data.0/systemcollector-1828557-hype1.sc
523 [140719038100160] INFO perfrun.launcher <> - Launcher: all plugins were stopped.
523 [140719038100160] INFO perfrun.launcher <> - DeadlineTimer is going to be destroyed
523 [140719038100160] INFO perfrun.launcher <> - DeadlineTimer was destroyed
523 [140719038100160] INFO perfrun.launcher <> - DirectoryMonitor object was destroyed
523 [140719038100160] WARN perfrun.launcher <> - Stop command is ignored because it is received when collection is already stopped, at file: vcs/perfrun1/launcher/src/command_handler.cpp:212
557 [140719038100160] INFO perfrun.launcher <> - Postponed internal errors detected
557 [140719038100160] INFO perfrun.launcher <> - Application exit code: 255
557 [140719038100160] INFO perfrun.launcher <> - Exit code: 2
